<?xml version="1.0" encoding="UTF-8"?>
<testsuite xmlns:xsi="http://www.w3.org/2001/XMLSchema-instance" xsi:schemaLocation="https://maven.apache.org/surefire/maven-surefire-plugin/xsd/surefire-test-report.xsd" name="Test mechanism" time="0.002" tests="2" errors="2" skipped="0" failures="0">
  <properties>
    <property name="java.runtime.name" value="Java(TM) SE Runtime Environment"/>
    <property name="sun.boot.library.path" value="/usr/lib/jvm/java-8-oracle/jre/lib/amd64"/>
    <property name="java.vm.version" value="25.171-b11"/>
    <property name="java.vm.vendor" value="Oracle Corporation"/>
    <property name="maven.multiModuleProjectDirectory" value="/home/ftrauts/Arbeit/phd_experiments/defect-call-depth/dcd-agent/src/test/resources/TestProject"/>
    <property name="java.vendor.url" value="http://java.oracle.com/"/>
    <property name="path.separator" value=":"/>
    <property name="guice.disable.misplaced.annotation.check" value="true"/>
    <property name="java.vm.name" value="Java HotSpot(TM) 64-Bit Server VM"/>
    <property name="file.encoding.pkg" value="sun.io"/>
    <property name="user.country" value="US"/>
    <property name="sun.java.launcher" value="SUN_STANDARD"/>
    <property name="sun.os.patch.level" value="unknown"/>
    <property name="java.vm.specification.name" value="Java Virtual Machine Specification"/>
    <property name="user.dir" value="/home/ftrauts/Arbeit/phd_experiments/defect-call-depth/dcd-agent/src/test/resources/TestProject"/>
    <property name="java.runtime.version" value="1.8.0_171-b11"/>
    <property name="java.awt.graphicsenv" value="sun.awt.X11GraphicsEnvironment"/>
    <property name="java.endorsed.dirs" value="/usr/lib/jvm/java-8-oracle/jre/lib/endorsed"/>
    <property name="os.arch" value="amd64"/>
    <property name="java.io.tmpdir" value="/tmp"/>
    <property name="line.separator" value="&#10;"/>
    <property name="java.vm.specification.vendor" value="Oracle Corporation"/>
    <property name="os.name" value="Linux"/>
    <property name="classworlds.conf" value="/usr/share/maven/bin/m2.conf"/>
    <property name="sun.jnu.encoding" value="UTF-8"/>
    <property name="java.library.path" value="/usr/java/packages/lib/amd64:/usr/lib64:/lib64:/lib:/usr/lib"/>
    <property name="java.specification.name" value="Java Platform API Specification"/>
    <property name="java.class.version" value="52.0"/>
    <property name="sun.management.compiler" value="HotSpot 64-Bit Tiered Compilers"/>
    <property name="os.version" value="4.4.0-130-generic"/>
    <property name="user.home" value="/home/ftrauts"/>
    <property name="user.timezone" value="Europe/Berlin"/>
    <property name="java.awt.printerjob" value="sun.print.PSPrinterJob"/>
    <property name="file.encoding" value="UTF-8"/>
    <property name="java.specification.version" value="1.8"/>
    <property name="user.name" value="ftrauts"/>
    <property name="java.class.path" value="/usr/share/maven/boot/plexus-classworlds-2.x.jar"/>
    <property name="java.vm.specification.version" value="1.8"/>
    <property name="sun.arch.data.model" value="64"/>
    <property name="java.home" value="/usr/lib/jvm/java-8-oracle/jre"/>
    <property name="sun.java.command" value="org.codehaus.plexus.classworlds.launcher.Launcher test"/>
    <property name="java.specification.vendor" value="Oracle Corporation"/>
    <property name="user.language" value="en"/>
    <property name="awt.toolkit" value="sun.awt.X11.XToolkit"/>
    <property name="java.vm.info" value="mixed mode"/>
    <property name="java.version" value="1.8.0_171"/>
    <property name="java.ext.dirs" value="/usr/lib/jvm/java-8-oracle/jre/lib/ext:/usr/java/packages/lib/ext"/>
    <property name="securerandom.source" value="file:/dev/./urandom"/>
    <property name="sun.boot.class.path" value="/usr/lib/jvm/java-8-oracle/jre/lib/resources.jar:/usr/lib/jvm/java-8-oracle/jre/lib/rt.jar:/usr/lib/jvm/java-8-oracle/jre/lib/sunrsasign.jar:/usr/lib/jvm/java-8-oracle/jre/lib/jsse.jar:/usr/lib/jvm/java-8-oracle/jre/lib/jce.jar:/usr/lib/jvm/java-8-oracle/jre/lib/charsets.jar:/usr/lib/jvm/java-8-oracle/jre/lib/jfr.jar:/usr/lib/jvm/java-8-oracle/jre/classes"/>
    <property name="java.vendor" value="Oracle Corporation"/>
    <property name="maven.home" value="/usr/share/maven"/>
    <property name="file.separator" value="/"/>
    <property name="java.vendor.url.bug" value="http://bugreport.sun.com/bugreport/"/>
    <property name="sun.cpu.endian" value="little"/>
    <property name="sun.io.unicode.encoding" value="UnicodeLittle"/>
    <property name="sun.desktop" value="gnome"/>
    <property name="sun.cpu.isalist" value=""/>
  </properties>
  <testcase name="Test mechanism" classname="Test mechanism" time="1.735">
    <error type="java.lang.NullPointerException">java.lang.NullPointerException
</error>
    <system-out><![CDATA[de/ugoe/cs/testproject/ATest
de/ugoe/cs/testproject/BTest
&amp#27;[30m2018-07-19 16:39:07,215 [main] INFO  org.mongodb.morphia.logging.MorphiaLoggerFactory - LoggerImplFactory set to com.github.danielfelgar.morphia.Log4JLoggerImplFactory
&amp#27;[m&amp#27;[32m2018-07-19 16:39:07,517 [main] DEBUG org.mongodb.morphia.mapping.MappedClass - MappedClass done: MappedClass - kind:mailing_list for de.ugoe.cs.smartshark.model.MailingList fields:[_id ( type:ObjectId, single:true); {interface org.mongodb.morphia.annotations.Property=@org.mongodb.morphia.annotations.Property(value=_id, concreteClass=class java.lang.Object), interface org.mongodb.morphia.annotations.Id=@org.mongodb.morphia.annotations.Id()}, project_id ( type:ObjectId, single:true); {interface org.mongodb.morphia.annotations.Property=@org.mongodb.morphia.annotations.Property(value=project_id, concreteClass=class java.lang.Object)}, last_updated ( type:Date, single:true); {interface org.mongodb.morphia.annotations.Property=@org.mongodb.morphia.annotations.Property(value=last_updated, concreteClass=class java.lang.Object)}, name ( type:String, single:true); {}]
&amp#27;[m&amp#27;[32m2018-07-19 16:39:07,528 [main] DEBUG org.mongodb.morphia.mapping.MappedClass - MappedClass done: MappedClass - kind:refactoring for de.ugoe.cs.smartshark.model.Refactoring fields:[_id ( type:ObjectId, single:true); {interface org.mongodb.morphia.annotations.Property=@org.mongodb.morphia.annotations.Property(value=_id, concreteClass=class java.lang.Object), interface org.mongodb.morphia.annotations.Id=@org.mongodb.morphia.annotations.Id()}, commit_id ( type:ObjectId, single:true); {interface org.mongodb.morphia.annotations.Property=@org.mongodb.morphia.annotations.Property(value=commit_id, concreteClass=class java.lang.Object)}, type ( type:String, single:true); {}, description ( type:String, single:true); {}, ce_state ( type:RefactoringState, single:true); {interface org.mongodb.morphia.annotations.Embedded=@org.mongodb.morphia.annotations.Embedded(value=ce_state, concreteClass=class java.lang.Object)}, parent_commit_ce_states ( type:List, multiple:true, subtype:class de.ugoe.cs.smartshark.model.RefactoringState, collection:true); {interface org.mongodb.morphia.annotations.Embedded=@org.mongodb.morphia.annotations.Embedded(value=parent_commit_ce_states, concreteClass=class java.lang.Object)}]
&amp#27;[m&amp#27;[32m2018-07-19 16:39:07,530 [main] DEBUG org.mongodb.morphia.mapping.MappedClass - MappedClass done: MappedClass - kind:mutation for de.ugoe.cs.smartshark.model.Mutation fields:[_id ( type:ObjectId, single:true); {interface org.mongodb.morphia.annotations.Property=@org.mongodb.morphia.annotations.Property(value=_id, concreteClass=class java.lang.Object), interface org.mongodb.morphia.annotations.Id=@org.mongodb.morphia.annotations.Id()}, m_type ( type:String, single:true); {interface org.mongodb.morphia.annotations.Property=@org.mongodb.morphia.annotations.Property(value=m_type, concreteClass=class java.lang.Object)}, location ( type:String, single:true); {}, l_num ( type:Integer, single:true); {interface org.mongodb.morphia.annotations.Property=@org.mongodb.morphia.annotations.Property(value=l_num, concreteClass=class java.lang.Object)}, classification ( type:String, single:true); {}]
&amp#27;[m&amp#27;[32m2018-07-19 16:39:07,532 [main] DEBUG org.mongodb.morphia.mapping.MappedClass - MappedClass done: MappedClass - kind:tag for de.ugoe.cs.smartshark.model.Tag fields:[_id ( type:ObjectId, single:true); {interface org.mongodb.morphia.annotations.Property=@org.mongodb.morphia.annotations.Property(value=_id, concreteClass=class java.lang.Object), interface org.mongodb.morphia.annotations.Id=@org.mongodb.morphia.annotations.Id()}, name ( type:String, single:true); {}, commit_id ( type:ObjectId, single:true); {interface org.mongodb.morphia.annotations.Property=@org.mongodb.morphia.annotations.Property(value=commit_id, concreteClass=class java.lang.Object)}, vcs_system_id ( type:ObjectId, single:true); {interface org.mongodb.morphia.annotations.Property=@org.mongodb.morphia.annotations.Property(value=vcs_system_id, concreteClass=class java.lang.Object)}, message ( type:String, single:true); {}, tagger_id ( type:ObjectId, single:true); {interface org.mongodb.morphia.annotations.Property=@org.mongodb.morphia.annotations.Property(value=tagger_id, concreteClass=class java.lang.Object)}, date ( type:Date, single:true); {}, date_offset ( type:Integer, single:true); {interface org.mongodb.morphia.annotations.Property=@org.mongodb.morphia.annotations.Property(value=date_offset, concreteClass=class java.lang.Object)}]
&amp#27;[m&amp#27;[32m2018-07-19 16:39:07,538 [main] DEBUG org.mongodb.morphia.mapping.MappedClass - MappedClass done: MappedClass - kind:travis_build for de.ugoe.cs.smartshark.model.TravisBuild fields:[_id ( type:ObjectId, single:true); {interface org.mongodb.morphia.annotations.Property=@org.mongodb.morphia.annotations.Property(value=_id, concreteClass=class java.lang.Object), interface org.mongodb.morphia.annotations.Id=@org.mongodb.morphia.annotations.Id()}, tr_id ( type:Integer, single:true); {interface org.mongodb.morphia.annotations.Property=@org.mongodb.morphia.annotations.Property(value=tr_id, concreteClass=class java.lang.Object)}, vcs_system_id ( type:ObjectId, single:true); {interface org.mongodb.morphia.annotations.Property=@org.mongodb.morphia.annotations.Property(value=vcs_system_id, concreteClass=class java.lang.Object)}, commit_id ( type:ObjectId, single:true); {interface org.mongodb.morphia.annotations.Property=@org.mongodb.morphia.annotations.Property(value=commit_id, concreteClass=class java.lang.Object)}, number ( type:Integer, single:true); {}, state ( type:String, single:true); {}, duration ( type:Long, single:true); {}, event_type ( type:String, single:true); {interface org.mongodb.morphia.annotations.Property=@org.mongodb.morphia.annotations.Property(value=event_type, concreteClass=class java.lang.Object)}, pr_number ( type:Integer, single:true); {interface org.mongodb.morphia.annotations.Property=@org.mongodb.morphia.annotations.Property(value=pr_number, concreteClass=class java.lang.Object)}, started_at ( type:Date, single:true); {interface org.mongodb.morphia.annotations.Property=@org.mongodb.morphia.annotations.Property(value=started_at, concreteClass=class java.lang.Object)}, finished_at ( type:Date, single:true); {interface org.mongodb.morphia.annotations.Property=@org.mongodb.morphia.annotations.Property(value=finished_at, concreteClass=class java.lang.Object)}, stages ( type:List, multiple:true, subtype:class java.lang.String, collection:true); {}, jobs ( type:List, multiple:true, subtype:class de.ugoe.cs.smartshark.model.TravisJob, collection:true); {interface org.mongodb.morphia.annotations.Embedded=@org.mongodb.morphia.annotations.Embedded(value=jobs, concreteClass=class java.lang.Object)}]
&amp#27;[m&amp#27;[32m2018-07-19 16:39:07,541 [main] DEBUG org.mongodb.morphia.mapping.MappedClass - MappedClass done: MappedClass - kind:code_group_state for de.ugoe.cs.smartshark.model.CodeGroupState fields:[_id ( type:ObjectId, single:true); {interface org.mongodb.morphia.annotations.Property=@org.mongodb.morphia.annotations.Property(value=_id, concreteClass=class java.lang.Object), interface org.mongodb.morphia.annotations.Id=@org.mongodb.morphia.annotations.Id()}, s_key ( type:String, single:true); {interface org.mongodb.morphia.annotations.Property=@org.mongodb.morphia.annotations.Property(value=s_key, concreteClass=class java.lang.Object)}, long_name ( type:String, single:true); {interface org.mongodb.morphia.annotations.Property=@org.mongodb.morphia.annotations.Property(value=long_name, concreteClass=class java.lang.Object)}, commit_id ( type:ObjectId, single:true); {interface org.mongodb.morphia.annotations.Property=@org.mongodb.morphia.annotations.Property(value=commit_id, concreteClass=class java.lang.Object)}, cg_parent_ids ( type:List, multiple:true, subtype:class org.bson.types.ObjectId, collection:true); {interface org.mongodb.morphia.annotations.Property=@org.mongodb.morphia.annotations.Property(value=cg_parent_ids, concreteClass=class java.lang.Object)}, cg_type ( type:String, single:true); {interface org.mongodb.morphia.annotations.Property=@org.mongodb.morphia.annotations.Property(value=cg_type, concreteClass=class java.lang.Object)}, metrics ( type:Map, multiple:true, subtype:class java.lang.Double, map:true, map-key:String); {}]
&amp#27;[m&amp#27;[32m2018-07-19 16:39:07,543 [main] DEBUG org.mongodb.morphia.mapping.MappedClass - MappedClass done: MappedClass - kind:people for de.ugoe.cs.smartshark.model.People fields:[_id ( type:ObjectId, single:true); {interface org.mongodb.morphia.annotations.Property=@org.mongodb.morphia.annotations.Property(value=_id, concreteClass=class java.lang.Object), interface org.mongodb.morphia.annotations.Id=@org.mongodb.morphia.annotations.Id()}, email ( type:String, single:true); {}, name ( type:String, single:true); {}, username ( type:String, single:true); {}]
&amp#27;[m&amp#27;[32m2018-07-19 16:39:07,544 [main] DEBUG org.mongodb.morphia.mapping.MappedClass - MappedClass done: MappedClass - kind:file for de.ugoe.cs.smartshark.model.File fields:[_id ( type:ObjectId, single:true); {interface org.mongodb.morphia.annotations.Property=@org.mongodb.morphia.annotations.Property(value=_id, concreteClass=class java.lang.Object), interface org.mongodb.morphia.annotations.Id=@org.mongodb.morphia.annotations.Id()}, vcs_system_id ( type:ObjectId, single:true); {interface org.mongodb.morphia.annotations.Property=@org.mongodb.morphia.annotations.Property(value=vcs_system_id, concreteClass=class java.lang.Object)}, path ( type:String, single:true); {}]
&amp#27;[m&amp#27;[32m2018-07-19 16:39:07,546 [main] DEBUG org.mongodb.morphia.mapping.MappedClass - MappedClass done: MappedClass - kind:test_state for de.ugoe.cs.smartshark.model.TestState fields:[_id ( type:ObjectId, single:true); {interface org.mongodb.morphia.annotations.Property=@org.mongodb.morphia.annotations.Property(value=_id, concreteClass=class java.lang.Object), interface org.mongodb.morphia.annotations.Id=@org.mongodb.morphia.annotations.Id()}, name ( type:String, single:true); {}, file_id ( type:ObjectId, single:true); {interface org.mongodb.morphia.annotations.Property=@org.mongodb.morphia.annotations.Property(value=file_id, concreteClass=class java.lang.Object)}, commit_id ( type:ObjectId, single:true); {interface org.mongodb.morphia.annotations.Property=@org.mongodb.morphia.annotations.Property(value=commit_id, concreteClass=class java.lang.Object)}, metrics ( type:Map, multiple:true, subtype:class java.lang.String, map:true, map-key:String); {}, mutation_res ( type:Set, multiple:true, subtype:class de.ugoe.cs.smartshark.model.MutationResult, set:true, collection:true); {interface org.mongodb.morphia.annotations.Embedded=@org.mongodb.morphia.annotations.Embedded(value=mutation_res, concreteClass=class java.lang.Object)}]
&amp#27;[m&amp#27;[32m2018-07-19 16:39:07,548 [main] DEBUG org.mongodb.morphia.mapping.MappedClass - MappedClass done: MappedClass - kind:file_action for de.ugoe.cs.smartshark.model.FileAction fields:[_id ( type:ObjectId, single:true); {interface org.mongodb.morphia.annotations.Property=@org.mongodb.morphia.annotations.Property(value=_id, concreteClass=class java.lang.Object), interface org.mongodb.morphia.annotations.Id=@org.mongodb.morphia.annotations.Id()}, file_id ( type:ObjectId, single:true); {interface org.mongodb.morphia.annotations.Property=@org.mongodb.morphia.annotations.Property(value=file_id, concreteClass=class java.lang.Object)}, commit_id ( type:ObjectId, single:true); {interface org.mongodb.morphia.annotations.Property=@org.mongodb.morphia.annotations.Property(value=commit_id, concreteClass=class java.lang.Object)}, mode ( type:String, single:true); {}, size_at_commit ( type:Integer, single:true); {interface org.mongodb.morphia.annotations.Property=@org.mongodb.morphia.annotations.Property(value=size_at_commit, concreteClass=class java.lang.Object)}, lines_added ( type:Integer, single:true); {interface org.mongodb.morphia.annotations.Property=@org.mongodb.morphia.annotations.Property(value=lines_added, concreteClass=class java.lang.Object)}, lines_deleted ( type:Integer, single:true); {interface org.mongodb.morphia.annotations.Property=@org.mongodb.morphia.annotations.Property(value=lines_deleted, concreteClass=class java.lang.Object)}, is_binary ( type:Boolean, single:true); {interface org.mongodb.morphia.annotations.Property=@org.mongodb.morphia.annotations.Property(value=is_binary, concreteClass=class java.lang.Object)}, old_file_id ( type:ObjectId, single:true); {interface org.mongodb.morphia.annotations.Property=@org.mongodb.morphia.annotations.Property(value=old_file_id, concreteClass=class java.lang.Object)}]
&amp#27;[m&amp#27;[32m2018-07-19 16:39:07,555 [main] DEBUG org.mongodb.morphia.mapping.MappedClass - MappedClass done: MappedClass - kind:commit for de.ugoe.cs.smartshark.model.Commit fields:[_id ( type:ObjectId, single:true); {interface org.mongodb.morphia.annotations.Property=@org.mongodb.morphia.annotations.Property(value=_id, concreteClass=class java.lang.Object), interface org.mongodb.morphia.annotations.Id=@org.mongodb.morphia.annotations.Id()}, vcs_system_id ( type:ObjectId, single:true); {interface org.mongodb.morphia.annotations.Property=@org.mongodb.morphia.annotations.Property(value=vcs_system_id, concreteClass=class java.lang.Object)}, revision_hash ( type:String, single:true); {interface org.mongodb.morphia.annotations.Property=@org.mongodb.morphia.annotations.Property(value=revision_hash, concreteClass=class java.lang.Object)}, branches ( type:List, multiple:true, subtype:class java.lang.String, collection:true); {}, parents ( type:List, multiple:true, subtype:class java.lang.String, collection:true); {}, author_id ( type:ObjectId, single:true); {interface org.mongodb.morphia.annotations.Property=@org.mongodb.morphia.annotations.Property(value=author_id, concreteClass=class java.lang.Object)}, author_date ( type:Date, single:true); {interface org.mongodb.morphia.annotations.Property=@org.mongodb.morphia.annotations.Property(value=author_date, concreteClass=class java.lang.Object)}, author_date_offset ( type:int, single:true); {interface org.mongodb.morphia.annotations.Property=@org.mongodb.morphia.annotations.Property(value=author_date_offset, concreteClass=class java.lang.Object)}, committer_id ( type:ObjectId, single:true); {interface org.mongodb.morphia.annotations.Property=@org.mongodb.morphia.annotations.Property(value=committer_id, concreteClass=class java.lang.Object)}, committer_date ( type:Date, single:true); {interface org.mongodb.morphia.annotations.Property=@org.mongodb.morphia.annotations.Property(value=committer_date, concreteClass=class java.lang.Object)}, committer_date_offset ( type:int, single:true); {interface org.mongodb.morphia.annotations.Property=@org.mongodb.morphia.annotations.Property(value=committer_date_offset, concreteClass=class java.lang.Object)}, message ( type:String, single:true); {}, linked_issue_ids ( type:List, multiple:true, subtype:class org.bson.types.ObjectId, collection:true); {interface org.mongodb.morphia.annotations.Property=@org.mongodb.morphia.annotations.Property(value=linked_issue_ids, concreteClass=class java.lang.Object)}, labels ( type:Map, multiple:true, subtype:class java.lang.String, map:true, map-key:String); {}]
&amp#27;[m&amp#27;[32m2018-07-19 16:39:07,560 [main] DEBUG org.mongodb.morphia.mapping.MappedClass - MappedClass done: MappedClass - kind:code_entity_state for de.ugoe.cs.smartshark.model.CodeEntityState fields:[_id ( type:ObjectId, single:true); {interface org.mongodb.morphia.annotations.Property=@org.mongodb.morphia.annotations.Property(value=_id, concreteClass=class java.lang.Object), interface org.mongodb.morphia.annotations.Id=@org.mongodb.morphia.annotations.Id()}, s_key ( type:String, single:true); {interface org.mongodb.morphia.annotations.Property=@org.mongodb.morphia.annotations.Property(value=s_key, concreteClass=class java.lang.Object)}, long_name ( type:String, single:true); {interface org.mongodb.morphia.annotations.Property=@org.mongodb.morphia.annotations.Property(value=long_name, concreteClass=class java.lang.Object)}, commit_id ( type:ObjectId, single:true); {interface org.mongodb.morphia.annotations.Property=@org.mongodb.morphia.annotations.Property(value=commit_id, concreteClass=class java.lang.Object)}, file_id ( type:ObjectId, single:true); {interface org.mongodb.morphia.annotations.Property=@org.mongodb.morphia.annotations.Property(value=file_id, concreteClass=class java.lang.Object)}, linter ( type:List, multiple:true, subtype:interface java.util.Map, collection:true); {}, test_type ( type:Map, multiple:true, subtype:class java.lang.String, map:true, map-key:String); {interface org.mongodb.morphia.annotations.Property=@org.mongodb.morphia.annotations.Property(value=test_type, concreteClass=class java.lang.Object)}, ce_parent_id ( type:ObjectId, single:true); {interface org.mongodb.morphia.annotations.Property=@org.mongodb.morphia.annotations.Property(value=ce_parent_id, concreteClass=class java.lang.Object)}, cg_ids ( type:List, multiple:true, subtype:class org.bson.types.ObjectId, collection:true); {interface org.mongodb.morphia.annotations.Property=@org.mongodb.morphia.annotations.Property(value=cg_ids, concreteClass=class java.lang.Object)}, ce_type ( type:String, single:true); {interface org.mongodb.morphia.annotations.Property=@org.mongodb.morphia.annotations.Property(value=ce_type, concreteClass=class java.lang.Object)}, imports ( type:List, multiple:true, subtype:class java.lang.String, collection:true); {}, start_line ( type:int, single:true); {interface org.mongodb.morphia.annotations.Property=@org.mongodb.morphia.annotations.Property(value=start_line, concreteClass=class java.lang.Object)}, end_line ( type:int, single:true); {interface org.mongodb.morphia.annotations.Property=@org.mongodb.morphia.annotations.Property(value=end_line, concreteClass=class java.lang.Object)}, start_column ( type:int, single:true); {interface org.mongodb.morphia.annotations.Property=@org.mongodb.morphia.annotations.Property(value=start_column, concreteClass=class java.lang.Object)}, end_column ( type:int, single:true); {interface org.mongodb.morphia.annotations.Property=@org.mongodb.morphia.annotations.Property(value=end_column, concreteClass=class java.lang.Object)}, metrics ( type:Map, multiple:true, subtype:class java.lang.Double, map:true, map-key:String); {}]
&amp#27;[m&amp#27;[32m2018-07-19 16:39:07,567 [main] DEBUG org.mongodb.morphia.mapping.MappedClass - MappedClass done: MappedClass - kind:mynbou_data for de.ugoe.cs.smartshark.model.MynbouData fields:[_id ( type:ObjectId, single:true); {interface org.mongodb.morphia.annotations.Property=@org.mongodb.morphia.annotations.Property(value=_id, concreteClass=class java.lang.Object), interface org.mongodb.morphia.annotations.Id=@org.mongodb.morphia.annotations.Id()}, vcs_system_id ( type:ObjectId, single:true); {interface org.mongodb.morphia.annotations.Property=@org.mongodb.morphia.annotations.Property(value=vcs_system_id, concreteClass=class java.lang.Object)}, name ( type:String, single:true); {}, path_approach ( type:String, single:true); {interface org.mongodb.morphia.annotations.Property=@org.mongodb.morphia.annotations.Property(value=path_approach, concreteClass=class java.lang.Object)}, bugfix_label ( type:String, single:true); {interface org.mongodb.morphia.annotations.Property=@org.mongodb.morphia.annotations.Property(value=bugfix_label, concreteClass=class java.lang.Object)}, metric_approach ( type:String, single:true); {interface org.mongodb.morphia.annotations.Property=@org.mongodb.morphia.annotations.Property(value=metric_approach, concreteClass=class java.lang.Object)}, last_updated ( type:Date, single:true); {interface org.mongodb.morphia.annotations.Property=@org.mongodb.morphia.annotations.Property(value=last_updated, concreteClass=class java.lang.Object)}]
&amp#27;[m&amp#27;[32m2018-07-19 16:39:07,575 [main] DEBUG org.mongodb.morphia.mapping.MappedClass - MappedClass done: MappedClass - kind:issue_comment for de.ugoe.cs.smartshark.model.IssueComment fields:[_id ( type:ObjectId, single:true); {interface org.mongodb.morphia.annotations.Property=@org.mongodb.morphia.annotations.Property(value=_id, concreteClass=class java.lang.Object), interface org.mongodb.morphia.annotations.Id=@org.mongodb.morphia.annotations.Id()}, external_id ( type:String, single:true); {interface org.mongodb.morphia.annotations.Property=@org.mongodb.morphia.annotations.Property(value=external_id, concreteClass=class java.lang.Object)}, issue_id ( type:ObjectId, single:true); {interface org.mongodb.morphia.annotations.Property=@org.mongodb.morphia.annotations.Property(value=issue_id, concreteClass=class java.lang.Object)}, created_at ( type:Date, single:true); {interface org.mongodb.morphia.annotations.Property=@org.mongodb.morphia.annotations.Property(value=created_at, concreteClass=class java.lang.Object)}, comment ( type:String, single:true); {}, author_id ( type:ObjectId, single:true); {interface org.mongodb.morphia.annotations.Property=@org.mongodb.morphia.annotations.Property(value=author_id, concreteClass=class java.lang.Object)}]
&amp#27;[m&amp#27;[32m2018-07-19 16:39:07,576 [main] DEBUG org.mongodb.morphia.mapping.MappedClass - MappedClass done: MappedClass - kind:project for de.ugoe.cs.smartshark.model.Project fields:[_id ( type:ObjectId, single:true); {interface org.mongodb.morphia.annotations.Property=@org.mongodb.morphia.annotations.Property(value=_id, concreteClass=class java.lang.Object), interface org.mongodb.morphia.annotations.Id=@org.mongodb.morphia.annotations.Id()}, name ( type:String, single:true); {}]
&amp#27;[m&amp#27;[32m2018-07-19 16:39:07,582 [main] DEBUG org.mongodb.morphia.mapping.MappedClass - MappedClass done: MappedClass - kind:vcs_system for de.ugoe.cs.smartshark.model.VCSSystem fields:[_id ( type:ObjectId, single:true); {interface org.mongodb.morphia.annotations.Property=@org.mongodb.morphia.annotations.Property(value=_id, concreteClass=class java.lang.Object), interface org.mongodb.morphia.annotations.Id=@org.mongodb.morphia.annotations.Id()}, url ( type:String, single:true); {}, repository_type ( type:String, single:true); {interface org.mongodb.morphia.annotations.Property=@org.mongodb.morphia.annotations.Property(value=repository_type, concreteClass=class java.lang.Object)}, project_id ( type:ObjectId, single:true); {interface org.mongodb.morphia.annotations.Property=@org.mongodb.morphia.annotations.Property(value=project_id, concreteClass=class java.lang.Object)}, last_updated ( type:Date, single:true); {interface org.mongodb.morphia.annotations.Property=@org.mongodb.morphia.annotations.Property(value=last_updated, concreteClass=class java.lang.Object)}]
&amp#27;[m&amp#27;[32m2018-07-19 16:39:07,590 [main] DEBUG org.mongodb.morphia.mapping.MappedClass - MappedClass done: MappedClass - kind:clone_instance for de.ugoe.cs.smartshark.model.CloneInstance fields:[_id ( type:ObjectId, single:true); {interface org.mongodb.morphia.annotations.Property=@org.mongodb.morphia.annotations.Property(value=_id, concreteClass=class java.lang.Object), interface org.mongodb.morphia.annotations.Id=@org.mongodb.morphia.annotations.Id()}, name ( type:String, single:true); {}, commit_id ( type:ObjectId, single:true); {interface org.mongodb.morphia.annotations.Property=@org.mongodb.morphia.annotations.Property(value=commit_id, concreteClass=class java.lang.Object)}, file_id ( type:ObjectId, single:true); {interface org.mongodb.morphia.annotations.Property=@org.mongodb.morphia.annotations.Property(value=file_id, concreteClass=class java.lang.Object)}, start_line ( type:int, single:true); {interface org.mongodb.morphia.annotations.Property=@org.mongodb.morphia.annotations.Property(value=start_line, concreteClass=class java.lang.Object)}, end_line ( type:int, single:true); {interface org.mongodb.morphia.annotations.Property=@org.mongodb.morphia.annotations.Property(value=end_line, concreteClass=class java.lang.Object)}, start_column ( type:int, single:true); {interface org.mongodb.morphia.annotations.Property=@org.mongodb.morphia.annotations.Property(value=start_column, concreteClass=class java.lang.Object)}, end_column ( type:int, single:true); {interface org.mongodb.morphia.annotations.Property=@org.mongodb.morphia.annotations.Property(value=end_column, concreteClass=class java.lang.Object)}, clone_instance_metrics ( type:Map, multiple:true, subtype:class java.lang.Double, map:true, map-key:String); {interface org.mongodb.morphia.annotations.Property=@org.mongodb.morphia.annotations.Property(value=clone_instance_metrics, concreteClass=class java.lang.Object)}, clone_class ( type:String, single:true); {interface org.mongodb.morphia.annotations.Property=@org.mongodb.morphia.annotations.Property(value=clone_class, concreteClass=class java.lang.Object)}, clone_class_metrics ( type:Map, multiple:true, subtype:class java.lang.Double, map:true, map-key:String); {interface org.mongodb.morphia.annotations.Property=@org.mongodb.morphia.annotations.Property(value=clone_class_metrics, concreteClass=class java.lang.Object)}]
&amp#27;[m&amp#27;[32m2018-07-19 16:39:07,600 [main] DEBUG org.mongodb.morphia.mapping.MappedClass - MappedClass done: MappedClass - kind:issue for de.ugoe.cs.smartshark.model.Issue fields:[_id ( type:ObjectId, single:true); {interface org.mongodb.morphia.annotations.Property=@org.mongodb.morphia.annotations.Property(value=_id, concreteClass=class java.lang.Object), interface org.mongodb.morphia.annotations.Id=@org.mongodb.morphia.annotations.Id()}, external_id ( type:String, single:true); {interface org.mongodb.morphia.annotations.Property=@org.mongodb.morphia.annotations.Property(value=external_id, concreteClass=class java.lang.Object)}, issue_system_id ( type:ObjectId, single:true); {interface org.mongodb.morphia.annotations.Property=@org.mongodb.morphia.annotations.Property(value=issue_system_id, concreteClass=class java.lang.Object)}, title ( type:String, single:true); {}, desc ( type:String, single:true); {}, created_at ( type:Date, single:true); {interface org.mongodb.morphia.annotations.Property=@org.mongodb.morphia.annotations.Property(value=created_at, concreteClass=class java.lang.Object)}, updated_at ( type:Date, single:true); {interface org.mongodb.morphia.annotations.Property=@org.mongodb.morphia.annotations.Property(value=updated_at, concreteClass=class java.lang.Object)}, creator_id ( type:ObjectId, single:true); {interface org.mongodb.morphia.annotations.Property=@org.mongodb.morphia.annotations.Property(value=creator_id, concreteClass=class java.lang.Object)}, reporter_id ( type:ObjectId, single:true); {interface org.mongodb.morphia.annotations.Property=@org.mongodb.morphia.annotations.Property(value=reporter_id, concreteClass=class java.lang.Object)}, issue_type ( type:String, single:true); {interface org.mongodb.morphia.annotations.Property=@org.mongodb.morphia.annotations.Property(value=issue_type, concreteClass=class java.lang.Object)}, priority ( type:String, single:true); {}, status ( type:String, single:true); {}, affects_versions ( type:List, multiple:true, subtype:class java.lang.String, collection:true); {interface org.mongodb.morphia.annotations.Property=@org.mongodb.morphia.annotations.Property(value=affects_versions, concreteClass=class java.lang.Object)}, components ( type:List, multiple:true, subtype:class java.lang.String, collection:true); {}, labels ( type:List, multiple:true, subtype:class java.lang.String, collection:true); {}, resolution ( type:String, single:true); {}, fix_versions ( type:List, multiple:true, subtype:class java.lang.String, collection:true); {interface org.mongodb.morphia.annotations.Property=@org.mongodb.morphia.annotations.Property(value=fix_versions, concreteClass=class java.lang.Object)}, assignee_id ( type:ObjectId, single:true); {interface org.mongodb.morphia.annotations.Property=@org.mongodb.morphia.annotations.Property(value=assignee_id, concreteClass=class java.lang.Object)}, issue_links ( type:List, multiple:true, subtype:interface java.util.Map, collection:true); {interface org.mongodb.morphia.annotations.Property=@org.mongodb.morphia.annotations.Property(value=issue_links, concreteClass=class java.lang.Object)}, parent_issue_id ( type:ObjectId, single:true); {interface org.mongodb.morphia.annotations.Property=@org.mongodb.morphia.annotations.Property(value=parent_issue_id, concreteClass=class java.lang.Object)}, original_time_estimate ( type:Integer, single:true); {interface org.mongodb.morphia.annotations.Property=@org.mongodb.morphia.annotations.Property(value=original_time_estimate, concreteClass=class java.lang.Object)}, environment ( type:String, single:true); {}, platform ( type:String, single:true); {}]
&amp#27;[m&amp#27;[32m2018-07-19 16:39:07,604 [main] DEBUG org.mongodb.morphia.mapping.MappedClass - MappedClass done: MappedClass - kind:commit_changes for de.ugoe.cs.smartshark.model.CommitChanges fields:[_id ( type:ObjectId, single:true); {interface org.mongodb.morphia.annotations.Property=@org.mongodb.morphia.annotations.Property(value=_id, concreteClass=class java.lang.Object), interface org.mongodb.morphia.annotations.Id=@org.mongodb.morphia.annotations.Id()}, old_commit_id ( type:ObjectId, single:true); {interface org.mongodb.morphia.annotations.Property=@org.mongodb.morphia.annotations.Property(value=old_commit_id, concreteClass=class java.lang.Object)}, new_commit_id ( type:ObjectId, single:true); {interface org.mongodb.morphia.annotations.Property=@org.mongodb.morphia.annotations.Property(value=new_commit_id, concreteClass=class java.lang.Object)}, classification ( type:Map, multiple:true, subtype:interface java.util.Map, map:true, map-key:ObjectId); {}]
&amp#27;[m&amp#27;[32m2018-07-19 16:39:07,607 [main] DEBUG org.mongodb.morphia.mapping.MappedClass - MappedClass done: MappedClass - kind:event for de.ugoe.cs.smartshark.model.Event fields:[_id ( type:ObjectId, single:true); {interface org.mongodb.morphia.annotations.Property=@org.mongodb.morphia.annotations.Property(value=_id, concreteClass=class java.lang.Object), interface org.mongodb.morphia.annotations.Id=@org.mongodb.morphia.annotations.Id()}, external_id ( type:String, single:true); {interface org.mongodb.morphia.annotations.Property=@org.mongodb.morphia.annotations.Property(value=external_id, concreteClass=class java.lang.Object)}, issue_id ( type:ObjectId, single:true); {interface org.mongodb.morphia.annotations.Property=@org.mongodb.morphia.annotations.Property(value=issue_id, concreteClass=class java.lang.Object)}, created_at ( type:Date, single:true); {interface org.mongodb.morphia.annotations.Property=@org.mongodb.morphia.annotations.Property(value=created_at, concreteClass=class java.lang.Object)}, status ( type:String, single:true); {}, author_id ( type:ObjectId, single:true); {interface org.mongodb.morphia.annotations.Property=@org.mongodb.morphia.annotations.Property(value=author_id, concreteClass=class java.lang.Object)}, old_value ( type:String, single:true); {interface org.mongodb.morphia.annotations.Property=@org.mongodb.morphia.annotations.Property(value=old_value, concreteClass=class java.lang.Object)}, new_value ( type:String, single:true); {interface org.mongodb.morphia.annotations.Property=@org.mongodb.morphia.annotations.Property(value=new_value, concreteClass=class java.lang.Object)}]
&amp#27;[m&amp#27;[32m2018-07-19 16:39:07,614 [main] DEBUG org.mongodb.morphia.mapping.MappedClass - MappedClass done: MappedClass - kind:message for de.ugoe.cs.smartshark.model.Message fields:[_id ( type:ObjectId, single:true); {interface org.mongodb.morphia.annotations.Property=@org.mongodb.morphia.annotations.Property(value=_id, concreteClass=class java.lang.Object), interface org.mongodb.morphia.annotations.Id=@org.mongodb.morphia.annotations.Id()}, message_id ( type:String, single:true); {interface org.mongodb.morphia.annotations.Property=@org.mongodb.morphia.annotations.Property(value=message_id, concreteClass=class java.lang.Object)}, mailing_list_id ( type:ObjectId, single:true); {interface org.mongodb.morphia.annotations.Property=@org.mongodb.morphia.annotations.Property(value=mailing_list_id, concreteClass=class java.lang.Object)}, reference_ids ( type:List, multiple:true, subtype:class org.bson.types.ObjectId, collection:true); {interface org.mongodb.morphia.annotations.Property=@org.mongodb.morphia.annotations.Property(value=reference_ids, concreteClass=class java.lang.Object)}, in_reply_to_id ( type:ObjectId, single:true); {interface org.mongodb.morphia.annotations.Property=@org.mongodb.morphia.annotations.Property(value=in_reply_to_id, concreteClass=class java.lang.Object)}, from_id ( type:ObjectId, single:true); {interface org.mongodb.morphia.annotations.Property=@org.mongodb.morphia.annotations.Property(value=from_id, concreteClass=class java.lang.Object)}, to_ids ( type:List, multiple:true, subtype:class org.bson.types.ObjectId, collection:true); {interface org.mongodb.morphia.annotations.Property=@org.mongodb.morphia.annotations.Property(value=to_ids, concreteClass=class java.lang.Object)}, cc_ids ( type:List, multiple:true, subtype:class org.bson.types.ObjectId, collection:true); {interface org.mongodb.morphia.annotations.Property=@org.mongodb.morphia.annotations.Property(value=cc_ids, concreteClass=class java.lang.Object)}, subject ( type:String, single:true); {}, body ( type:String, single:true); {}, date ( type:Date, single:true); {}, patches ( type:List, multiple:true, subtype:class java.lang.String, collection:true); {}]
&amp#27;[m&amp#27;[32m2018-07-19 16:39:07,616 [main] DEBUG org.mongodb.morphia.mapping.MappedClass - MappedClass done: MappedClass - kind:issue_system for de.ugoe.cs.smartshark.model.IssueSystem fields:[_id ( type:ObjectId, single:true); {interface org.mongodb.morphia.annotations.Property=@org.mongodb.morphia.annotations.Property(value=_id, concreteClass=class java.lang.Object), interface org.mongodb.morphia.annotations.Id=@org.mongodb.morphia.annotations.Id()}, url ( type:String, single:true); {}, project_id ( type:ObjectId, single:true); {interface org.mongodb.morphia.annotations.Property=@org.mongodb.morphia.annotations.Property(value=project_id, concreteClass=class java.lang.Object)}, last_updated ( type:Date, single:true); {interface org.mongodb.morphia.annotations.Property=@org.mongodb.morphia.annotations.Property(value=last_updated, concreteClass=class java.lang.Object)}]
&amp#27;[m&amp#27;[32m2018-07-19 16:39:07,618 [main] DEBUG org.mongodb.morphia.mapping.MappedClass - MappedClass done: MappedClass - kind:identity for de.ugoe.cs.smartshark.model.Identity fields:[_id ( type:ObjectId, single:true); {interface org.mongodb.morphia.annotations.Property=@org.mongodb.morphia.annotations.Property(value=_id, concreteClass=class java.lang.Object), interface org.mongodb.morphia.annotations.Id=@org.mongodb.morphia.annotations.Id()}, people ( type:List, multiple:true, subtype:class org.bson.types.ObjectId, collection:true); {interface org.mongodb.morphia.annotations.Property=@org.mongodb.morphia.annotations.Property(value=people, concreteClass=class java.lang.Object)}]
&amp#27;[m&amp#27;[32m2018-07-19 16:39:07,620 [main] DEBUG org.mongodb.morphia.mapping.MappedClass - MappedClass done: MappedClass - kind:hunk for de.ugoe.cs.smartshark.model.Hunk fields:[_id ( type:ObjectId, single:true); {interface org.mongodb.morphia.annotations.Property=@org.mongodb.morphia.annotations.Property(value=_id, concreteClass=class java.lang.Object), interface org.mongodb.morphia.annotations.Id=@org.mongodb.morphia.annotations.Id()}, file_action_id ( type:ObjectId, single:true); {interface org.mongodb.morphia.annotations.Property=@org.mongodb.morphia.annotations.Property(value=file_action_id, concreteClass=class java.lang.Object)}, new_start ( type:Integer, single:true); {interface org.mongodb.morphia.annotations.Property=@org.mongodb.morphia.annotations.Property(value=new_start, concreteClass=class java.lang.Object)}, new_lines ( type:Integer, single:true); {interface org.mongodb.morphia.annotations.Property=@org.mongodb.morphia.annotations.Property(value=new_lines, concreteClass=class java.lang.Object)}, old_start ( type:Integer, single:true); {interface org.mongodb.morphia.annotations.Property=@org.mongodb.morphia.annotations.Property(value=old_start, concreteClass=class java.lang.Object)}, old_lines ( type:Integer, single:true); {interface org.mongodb.morphia.annotations.Property=@org.mongodb.morphia.annotations.Property(value=old_lines, concreteClass=class java.lang.Object)}, content ( type:String, single:true); {}]
&amp#27;[m&amp#27;[32m2018-07-19 16:39:07,621 [main] DEBUG de.ugoe.cs.smartshark.SmartSHARKAdapter - Connecting to database...
&amp#27;[m&amp#27;[32m2018-07-19 16:39:08,022 [main] DEBUG org.mongodb.morphia.mapping.MappedClass - MappedClass done: MappedClass - kind:MutationResult for de.ugoe.cs.smartshark.model.MutationResult fields:[mutation_id ( type:ObjectId, single:true); {interface org.mongodb.morphia.annotations.Property=@org.mongodb.morphia.annotations.Property(value=mutation_id, concreteClass=class java.lang.Object)}, result ( type:String, single:true); {}]
&amp#27;[m&amp#27;[32m2018-07-19 16:39:08,024 [main] DEBUG org.mongodb.morphia.mapping.MappedClass - MappedClass done: MappedClass - kind:TravisJob for de.ugoe.cs.smartshark.model.TravisJob fields:[_id ( type:ObjectId, single:true); {interface org.mongodb.morphia.annotations.Property=@org.mongodb.morphia.annotations.Property(value=_id, concreteClass=class java.lang.Object), interface org.mongodb.morphia.annotations.Id=@org.mongodb.morphia.annotations.Id()}, tr_id ( type:Integer, single:true); {interface org.mongodb.morphia.annotations.Property=@org.mongodb.morphia.annotations.Property(value=tr_id, concreteClass=class java.lang.Object)}, allow_failure ( type:Boolean, single:true); {interface org.mongodb.morphia.annotations.Property=@org.mongodb.morphia.annotations.Property(value=allow_failure, concreteClass=class java.lang.Object)}, number ( type:String, single:true); {}, state ( type:String, single:true); {}, started_at ( type:Date, single:true); {interface org.mongodb.morphia.annotations.Property=@org.mongodb.morphia.annotations.Property(value=started_at, concreteClass=class java.lang.Object)}, finished_at ( type:Date, single:true); {interface org.mongodb.morphia.annotations.Property=@org.mongodb.morphia.annotations.Property(value=finished_at, concreteClass=class java.lang.Object)}, stages ( type:List, multiple:true, subtype:class java.lang.String, collection:true); {}, metrics ( type:Map, multiple:true, subtype:class java.lang.String, map:true, map-key:String); {}, config ( type:Map, multiple:true, subtype:class java.lang.String, map:true, map-key:String); {}]
&amp#27;[m&amp#27;[32m2018-07-19 16:39:08,027 [main] DEBUG org.mongodb.morphia.mapping.MappedClass - MappedClass done: MappedClass - kind:RefactoringState for de.ugoe.cs.smartshark.model.RefactoringState fields:[parent_ce_before ( type:ObjectId, single:true); {interface org.mongodb.morphia.annotations.Property=@org.mongodb.morphia.annotations.Property(value=parent_ce_before, concreteClass=class java.lang.Object)}, parent_ce_after ( type:ObjectId, single:true); {interface org.mongodb.morphia.annotations.Property=@org.mongodb.morphia.annotations.Property(value=parent_ce_after, concreteClass=class java.lang.Object)}, ce_before ( type:ObjectId, single:true); {interface org.mongodb.morphia.annotations.Property=@org.mongodb.morphia.annotations.Property(value=ce_before, concreteClass=class java.lang.Object)}, ce_after ( type:ObjectId, single:true); {interface org.mongodb.morphia.annotations.Property=@org.mongodb.morphia.annotations.Property(value=ce_after, concreteClass=class java.lang.Object)}]
&amp#27;[m&amp#27;[32m2018-07-19 16:39:08,028 [main] DEBUG org.mongodb.morphia.mapping.MappedClass - MappedClass done: MappedClass - kind:Map for java.util.Map fields:[]
&amp#27;[m]]></system-out>
    <system-err><![CDATA[Jul 19, 2018 4:39:07 PM org.mongodb.morphia.logging.MorphiaLoggerFactory chooseLoggerFactory
INFO: LoggerImplFactory set to org.mongodb.morphia.logging.jdk.JDKLoggerFactory
]]></system-err>
  </testcase>
  <testcase name="Test mechanism" classname="Test mechanism" time="1.739">
    <error type="java.lang.NullPointerException">java.lang.NullPointerException
</error>
    <system-out><![CDATA[de/ugoe/cs/testproject/A
IN
MUTATION
METHOD2
de/ugoe/cs/testproject/A$Blub
METHOD1 in BLUB
]]></system-out>
  </testcase>
  <testcase name="Test mechanism" classname="Test mechanism" time="0.316">
    <error type="java.lang.NullPointerException">java.lang.NullPointerException
</error>
    <system-out><![CDATA[&amp#27;[32m2018-07-19 16:39:08,415 [main] DEBUG org.mongodb.morphia.mapping.MappedClass - MappedClass done: MappedClass - kind:mailing_list for de.ugoe.cs.smartshark.model.MailingList fields:[_id ( type:ObjectId, single:true); {interface org.mongodb.morphia.annotations.Property=@org.mongodb.morphia.annotations.Property(value=_id, concreteClass=class java.lang.Object), interface org.mongodb.morphia.annotations.Id=@org.mongodb.morphia.annotations.Id()}, project_id ( type:ObjectId, single:true); {interface org.mongodb.morphia.annotations.Property=@org.mongodb.morphia.annotations.Property(value=project_id, concreteClass=class java.lang.Object)}, last_updated ( type:Date, single:true); {interface org.mongodb.morphia.annotations.Property=@org.mongodb.morphia.annotations.Property(value=last_updated, concreteClass=class java.lang.Object)}, name ( type:String, single:true); {}]
&amp#27;[m&amp#27;[32m2018-07-19 16:39:08,416 [main] DEBUG org.mongodb.morphia.mapping.MappedClass - MappedClass done: MappedClass - kind:refactoring for de.ugoe.cs.smartshark.model.Refactoring fields:[_id ( type:ObjectId, single:true); {interface org.mongodb.morphia.annotations.Property=@org.mongodb.morphia.annotations.Property(value=_id, concreteClass=class java.lang.Object), interface org.mongodb.morphia.annotations.Id=@org.mongodb.morphia.annotations.Id()}, commit_id ( type:ObjectId, single:true); {interface org.mongodb.morphia.annotations.Property=@org.mongodb.morphia.annotations.Property(value=commit_id, concreteClass=class java.lang.Object)}, type ( type:String, single:true); {}, description ( type:String, single:true); {}, ce_state ( type:RefactoringState, single:true); {interface org.mongodb.morphia.annotations.Embedded=@org.mongodb.morphia.annotations.Embedded(value=ce_state, concreteClass=class java.lang.Object)}, parent_commit_ce_states ( type:List, multiple:true, subtype:class de.ugoe.cs.smartshark.model.RefactoringState, collection:true); {interface org.mongodb.morphia.annotations.Embedded=@org.mongodb.morphia.annotations.Embedded(value=parent_commit_ce_states, concreteClass=class java.lang.Object)}]
&amp#27;[m&amp#27;[32m2018-07-19 16:39:08,417 [main] DEBUG org.mongodb.morphia.mapping.MappedClass - MappedClass done: MappedClass - kind:mutation for de.ugoe.cs.smartshark.model.Mutation fields:[_id ( type:ObjectId, single:true); {interface org.mongodb.morphia.annotations.Property=@org.mongodb.morphia.annotations.Property(value=_id, concreteClass=class java.lang.Object), interface org.mongodb.morphia.annotations.Id=@org.mongodb.morphia.annotations.Id()}, m_type ( type:String, single:true); {interface org.mongodb.morphia.annotations.Property=@org.mongodb.morphia.annotations.Property(value=m_type, concreteClass=class java.lang.Object)}, location ( type:String, single:true); {}, l_num ( type:Integer, single:true); {interface org.mongodb.morphia.annotations.Property=@org.mongodb.morphia.annotations.Property(value=l_num, concreteClass=class java.lang.Object)}, classification ( type:String, single:true); {}]
&amp#27;[m&amp#27;[32m2018-07-19 16:39:08,418 [main] DEBUG org.mongodb.morphia.mapping.MappedClass - MappedClass done: MappedClass - kind:tag for de.ugoe.cs.smartshark.model.Tag fields:[_id ( type:ObjectId, single:true); {interface org.mongodb.morphia.annotations.Property=@org.mongodb.morphia.annotations.Property(value=_id, concreteClass=class java.lang.Object), interface org.mongodb.morphia.annotations.Id=@org.mongodb.morphia.annotations.Id()}, name ( type:String, single:true); {}, commit_id ( type:ObjectId, single:true); {interface org.mongodb.morphia.annotations.Property=@org.mongodb.morphia.annotations.Property(value=commit_id, concreteClass=class java.lang.Object)}, vcs_system_id ( type:ObjectId, single:true); {interface org.mongodb.morphia.annotations.Property=@org.mongodb.morphia.annotations.Property(value=vcs_system_id, concreteClass=class java.lang.Object)}, message ( type:String, single:true); {}, tagger_id ( type:ObjectId, single:true); {interface org.mongodb.morphia.annotations.Property=@org.mongodb.morphia.annotations.Property(value=tagger_id, concreteClass=class java.lang.Object)}, date ( type:Date, single:true); {}, date_offset ( type:Integer, single:true); {interface org.mongodb.morphia.annotations.Property=@org.mongodb.morphia.annotations.Property(value=date_offset, concreteClass=class java.lang.Object)}]
&amp#27;[m&amp#27;[32m2018-07-19 16:39:08,419 [main] DEBUG org.mongodb.morphia.mapping.MappedClass - MappedClass done: MappedClass - kind:travis_build for de.ugoe.cs.smartshark.model.TravisBuild fields:[_id ( type:ObjectId, single:true); {interface org.mongodb.morphia.annotations.Property=@org.mongodb.morphia.annotations.Property(value=_id, concreteClass=class java.lang.Object), interface org.mongodb.morphia.annotations.Id=@org.mongodb.morphia.annotations.Id()}, tr_id ( type:Integer, single:true); {interface org.mongodb.morphia.annotations.Property=@org.mongodb.morphia.annotations.Property(value=tr_id, concreteClass=class java.lang.Object)}, vcs_system_id ( type:ObjectId, single:true); {interface org.mongodb.morphia.annotations.Property=@org.mongodb.morphia.annotations.Property(value=vcs_system_id, concreteClass=class java.lang.Object)}, commit_id ( type:ObjectId, single:true); {interface org.mongodb.morphia.annotations.Property=@org.mongodb.morphia.annotations.Property(value=commit_id, concreteClass=class java.lang.Object)}, number ( type:Integer, single:true); {}, state ( type:String, single:true); {}, duration ( type:Long, single:true); {}, event_type ( type:String, single:true); {interface org.mongodb.morphia.annotations.Property=@org.mongodb.morphia.annotations.Property(value=event_type, concreteClass=class java.lang.Object)}, pr_number ( type:Integer, single:true); {interface org.mongodb.morphia.annotations.Property=@org.mongodb.morphia.annotations.Property(value=pr_number, concreteClass=class java.lang.Object)}, started_at ( type:Date, single:true); {interface org.mongodb.morphia.annotations.Property=@org.mongodb.morphia.annotations.Property(value=started_at, concreteClass=class java.lang.Object)}, finished_at ( type:Date, single:true); {interface org.mongodb.morphia.annotations.Property=@org.mongodb.morphia.annotations.Property(value=finished_at, concreteClass=class java.lang.Object)}, stages ( type:List, multiple:true, subtype:class java.lang.String, collection:true); {}, jobs ( type:List, multiple:true, subtype:class de.ugoe.cs.smartshark.model.TravisJob, collection:true); {interface org.mongodb.morphia.annotations.Embedded=@org.mongodb.morphia.annotations.Embedded(value=jobs, concreteClass=class java.lang.Object)}]
&amp#27;[m&amp#27;[32m2018-07-19 16:39:08,420 [main] DEBUG org.mongodb.morphia.mapping.MappedClass - MappedClass done: MappedClass - kind:code_group_state for de.ugoe.cs.smartshark.model.CodeGroupState fields:[_id ( type:ObjectId, single:true); {interface org.mongodb.morphia.annotations.Property=@org.mongodb.morphia.annotations.Property(value=_id, concreteClass=class java.lang.Object), interface org.mongodb.morphia.annotations.Id=@org.mongodb.morphia.annotations.Id()}, s_key ( type:String, single:true); {interface org.mongodb.morphia.annotations.Property=@org.mongodb.morphia.annotations.Property(value=s_key, concreteClass=class java.lang.Object)}, long_name ( type:String, single:true); {interface org.mongodb.morphia.annotations.Property=@org.mongodb.morphia.annotations.Property(value=long_name, concreteClass=class java.lang.Object)}, commit_id ( type:ObjectId, single:true); {interface org.mongodb.morphia.annotations.Property=@org.mongodb.morphia.annotations.Property(value=commit_id, concreteClass=class java.lang.Object)}, cg_parent_ids ( type:List, multiple:true, subtype:class org.bson.types.ObjectId, collection:true); {interface org.mongodb.morphia.annotations.Property=@org.mongodb.morphia.annotations.Property(value=cg_parent_ids, concreteClass=class java.lang.Object)}, cg_type ( type:String, single:true); {interface org.mongodb.morphia.annotations.Property=@org.mongodb.morphia.annotations.Property(value=cg_type, concreteClass=class java.lang.Object)}, metrics ( type:Map, multiple:true, subtype:class java.lang.Double, map:true, map-key:String); {}]
&amp#27;[m&amp#27;[32m2018-07-19 16:39:08,421 [main] DEBUG org.mongodb.morphia.mapping.MappedClass - MappedClass done: MappedClass - kind:people for de.ugoe.cs.smartshark.model.People fields:[_id ( type:ObjectId, single:true); {interface org.mongodb.morphia.annotations.Property=@org.mongodb.morphia.annotations.Property(value=_id, concreteClass=class java.lang.Object), interface org.mongodb.morphia.annotations.Id=@org.mongodb.morphia.annotations.Id()}, email ( type:String, single:true); {}, name ( type:String, single:true); {}, username ( type:String, single:true); {}]
&amp#27;[m&amp#27;[32m2018-07-19 16:39:08,421 [main] DEBUG org.mongodb.morphia.mapping.MappedClass - MappedClass done: MappedClass - kind:file for de.ugoe.cs.smartshark.model.File fields:[_id ( type:ObjectId, single:true); {interface org.mongodb.morphia.annotations.Property=@org.mongodb.morphia.annotations.Property(value=_id, concreteClass=class java.lang.Object), interface org.mongodb.morphia.annotations.Id=@org.mongodb.morphia.annotations.Id()}, vcs_system_id ( type:ObjectId, single:true); {interface org.mongodb.morphia.annotations.Property=@org.mongodb.morphia.annotations.Property(value=vcs_system_id, concreteClass=class java.lang.Object)}, path ( type:String, single:true); {}]
&amp#27;[m&amp#27;[32m2018-07-19 16:39:08,422 [main] DEBUG org.mongodb.morphia.mapping.MappedClass - MappedClass done: MappedClass - kind:test_state for de.ugoe.cs.smartshark.model.TestState fields:[_id ( type:ObjectId, single:true); {interface org.mongodb.morphia.annotations.Property=@org.mongodb.morphia.annotations.Property(value=_id, concreteClass=class java.lang.Object), interface org.mongodb.morphia.annotations.Id=@org.mongodb.morphia.annotations.Id()}, name ( type:String, single:true); {}, file_id ( type:ObjectId, single:true); {interface org.mongodb.morphia.annotations.Property=@org.mongodb.morphia.annotations.Property(value=file_id, concreteClass=class java.lang.Object)}, commit_id ( type:ObjectId, single:true); {interface org.mongodb.morphia.annotations.Property=@org.mongodb.morphia.annotations.Property(value=commit_id, concreteClass=class java.lang.Object)}, metrics ( type:Map, multiple:true, subtype:class java.lang.String, map:true, map-key:String); {}, mutation_res ( type:Set, multiple:true, subtype:class de.ugoe.cs.smartshark.model.MutationResult, set:true, collection:true); {interface org.mongodb.morphia.annotations.Embedded=@org.mongodb.morphia.annotations.Embedded(value=mutation_res, concreteClass=class java.lang.Object)}]
&amp#27;[m&amp#27;[32m2018-07-19 16:39:08,423 [main] DEBUG org.mongodb.morphia.mapping.MappedClass - MappedClass done: MappedClass - kind:file_action for de.ugoe.cs.smartshark.model.FileAction fields:[_id ( type:ObjectId, single:true); {interface org.mongodb.morphia.annotations.Property=@org.mongodb.morphia.annotations.Property(value=_id, concreteClass=class java.lang.Object), interface org.mongodb.morphia.annotations.Id=@org.mongodb.morphia.annotations.Id()}, file_id ( type:ObjectId, single:true); {interface org.mongodb.morphia.annotations.Property=@org.mongodb.morphia.annotations.Property(value=file_id, concreteClass=class java.lang.Object)}, commit_id ( type:ObjectId, single:true); {interface org.mongodb.morphia.annotations.Property=@org.mongodb.morphia.annotations.Property(value=commit_id, concreteClass=class java.lang.Object)}, mode ( type:String, single:true); {}, size_at_commit ( type:Integer, single:true); {interface org.mongodb.morphia.annotations.Property=@org.mongodb.morphia.annotations.Property(value=size_at_commit, concreteClass=class java.lang.Object)}, lines_added ( type:Integer, single:true); {interface org.mongodb.morphia.annotations.Property=@org.mongodb.morphia.annotations.Property(value=lines_added, concreteClass=class java.lang.Object)}, lines_deleted ( type:Integer, single:true); {interface org.mongodb.morphia.annotations.Property=@org.mongodb.morphia.annotations.Property(value=lines_deleted, concreteClass=class java.lang.Object)}, is_binary ( type:Boolean, single:true); {interface org.mongodb.morphia.annotations.Property=@org.mongodb.morphia.annotations.Property(value=is_binary, concreteClass=class java.lang.Object)}, old_file_id ( type:ObjectId, single:true); {interface org.mongodb.morphia.annotations.Property=@org.mongodb.morphia.annotations.Property(value=old_file_id, concreteClass=class java.lang.Object)}]
&amp#27;[m&amp#27;[32m2018-07-19 16:39:08,425 [main] DEBUG org.mongodb.morphia.mapping.MappedClass - MappedClass done: MappedClass - kind:commit for de.ugoe.cs.smartshark.model.Commit fields:[_id ( type:ObjectId, single:true); {interface org.mongodb.morphia.annotations.Property=@org.mongodb.morphia.annotations.Property(value=_id, concreteClass=class java.lang.Object), interface org.mongodb.morphia.annotations.Id=@org.mongodb.morphia.annotations.Id()}, vcs_system_id ( type:ObjectId, single:true); {interface org.mongodb.morphia.annotations.Property=@org.mongodb.morphia.annotations.Property(value=vcs_system_id, concreteClass=class java.lang.Object)}, revision_hash ( type:String, single:true); {interface org.mongodb.morphia.annotations.Property=@org.mongodb.morphia.annotations.Property(value=revision_hash, concreteClass=class java.lang.Object)}, branches ( type:List, multiple:true, subtype:class java.lang.String, collection:true); {}, parents ( type:List, multiple:true, subtype:class java.lang.String, collection:true); {}, author_id ( type:ObjectId, single:true); {interface org.mongodb.morphia.annotations.Property=@org.mongodb.morphia.annotations.Property(value=author_id, concreteClass=class java.lang.Object)}, author_date ( type:Date, single:true); {interface org.mongodb.morphia.annotations.Property=@org.mongodb.morphia.annotations.Property(value=author_date, concreteClass=class java.lang.Object)}, author_date_offset ( type:int, single:true); {interface org.mongodb.morphia.annotations.Property=@org.mongodb.morphia.annotations.Property(value=author_date_offset, concreteClass=class java.lang.Object)}, committer_id ( type:ObjectId, single:true); {interface org.mongodb.morphia.annotations.Property=@org.mongodb.morphia.annotations.Property(value=committer_id, concreteClass=class java.lang.Object)}, committer_date ( type:Date, single:true); {interface org.mongodb.morphia.annotations.Property=@org.mongodb.morphia.annotations.Property(value=committer_date, concreteClass=class java.lang.Object)}, committer_date_offset ( type:int, single:true); {interface org.mongodb.morphia.annotations.Property=@org.mongodb.morphia.annotations.Property(value=committer_date_offset, concreteClass=class java.lang.Object)}, message ( type:String, single:true); {}, linked_issue_ids ( type:List, multiple:true, subtype:class org.bson.types.ObjectId, collection:true); {interface org.mongodb.morphia.annotations.Property=@org.mongodb.morphia.annotations.Property(value=linked_issue_ids, concreteClass=class java.lang.Object)}, labels ( type:Map, multiple:true, subtype:class java.lang.String, map:true, map-key:String); {}]
&amp#27;[m&amp#27;[32m2018-07-19 16:39:08,426 [main] DEBUG org.mongodb.morphia.mapping.MappedClass - MappedClass done: MappedClass - kind:code_entity_state for de.ugoe.cs.smartshark.model.CodeEntityState fields:[_id ( type:ObjectId, single:true); {interface org.mongodb.morphia.annotations.Property=@org.mongodb.morphia.annotations.Property(value=_id, concreteClass=class java.lang.Object), interface org.mongodb.morphia.annotations.Id=@org.mongodb.morphia.annotations.Id()}, s_key ( type:String, single:true); {interface org.mongodb.morphia.annotations.Property=@org.mongodb.morphia.annotations.Property(value=s_key, concreteClass=class java.lang.Object)}, long_name ( type:String, single:true); {interface org.mongodb.morphia.annotations.Property=@org.mongodb.morphia.annotations.Property(value=long_name, concreteClass=class java.lang.Object)}, commit_id ( type:ObjectId, single:true); {interface org.mongodb.morphia.annotations.Property=@org.mongodb.morphia.annotations.Property(value=commit_id, concreteClass=class java.lang.Object)}, file_id ( type:ObjectId, single:true); {interface org.mongodb.morphia.annotations.Property=@org.mongodb.morphia.annotations.Property(value=file_id, concreteClass=class java.lang.Object)}, linter ( type:List, multiple:true, subtype:interface java.util.Map, collection:true); {}, test_type ( type:Map, multiple:true, subtype:class java.lang.String, map:true, map-key:String); {interface org.mongodb.morphia.annotations.Property=@org.mongodb.morphia.annotations.Property(value=test_type, concreteClass=class java.lang.Object)}, ce_parent_id ( type:ObjectId, single:true); {interface org.mongodb.morphia.annotations.Property=@org.mongodb.morphia.annotations.Property(value=ce_parent_id, concreteClass=class java.lang.Object)}, cg_ids ( type:List, multiple:true, subtype:class org.bson.types.ObjectId, collection:true); {interface org.mongodb.morphia.annotations.Property=@org.mongodb.morphia.annotations.Property(value=cg_ids, concreteClass=class java.lang.Object)}, ce_type ( type:String, single:true); {interface org.mongodb.morphia.annotations.Property=@org.mongodb.morphia.annotations.Property(value=ce_type, concreteClass=class java.lang.Object)}, imports ( type:List, multiple:true, subtype:class java.lang.String, collection:true); {}, start_line ( type:int, single:true); {interface org.mongodb.morphia.annotations.Property=@org.mongodb.morphia.annotations.Property(value=start_line, concreteClass=class java.lang.Object)}, end_line ( type:int, single:true); {interface org.mongodb.morphia.annotations.Property=@org.mongodb.morphia.annotations.Property(value=end_line, concreteClass=class java.lang.Object)}, start_column ( type:int, single:true); {interface org.mongodb.morphia.annotations.Property=@org.mongodb.morphia.annotations.Property(value=start_column, concreteClass=class java.lang.Object)}, end_column ( type:int, single:true); {interface org.mongodb.morphia.annotations.Property=@org.mongodb.morphia.annotations.Property(value=end_column, concreteClass=class java.lang.Object)}, metrics ( type:Map, multiple:true, subtype:class java.lang.Double, map:true, map-key:String); {}]
&amp#27;[m&amp#27;[32m2018-07-19 16:39:08,428 [main] DEBUG org.mongodb.morphia.mapping.MappedClass - MappedClass done: MappedClass - kind:mynbou_data for de.ugoe.cs.smartshark.model.MynbouData fields:[_id ( type:ObjectId, single:true); {interface org.mongodb.morphia.annotations.Property=@org.mongodb.morphia.annotations.Property(value=_id, concreteClass=class java.lang.Object), interface org.mongodb.morphia.annotations.Id=@org.mongodb.morphia.annotations.Id()}, vcs_system_id ( type:ObjectId, single:true); {interface org.mongodb.morphia.annotations.Property=@org.mongodb.morphia.annotations.Property(value=vcs_system_id, concreteClass=class java.lang.Object)}, name ( type:String, single:true); {}, path_approach ( type:String, single:true); {interface org.mongodb.morphia.annotations.Property=@org.mongodb.morphia.annotations.Property(value=path_approach, concreteClass=class java.lang.Object)}, bugfix_label ( type:String, single:true); {interface org.mongodb.morphia.annotations.Property=@org.mongodb.morphia.annotations.Property(value=bugfix_label, concreteClass=class java.lang.Object)}, metric_approach ( type:String, single:true); {interface org.mongodb.morphia.annotations.Property=@org.mongodb.morphia.annotations.Property(value=metric_approach, concreteClass=class java.lang.Object)}, last_updated ( type:Date, single:true); {interface org.mongodb.morphia.annotations.Property=@org.mongodb.morphia.annotations.Property(value=last_updated, concreteClass=class java.lang.Object)}]
&amp#27;[m&amp#27;[32m2018-07-19 16:39:08,428 [main] DEBUG org.mongodb.morphia.mapping.MappedClass - MappedClass done: MappedClass - kind:issue_comment for de.ugoe.cs.smartshark.model.IssueComment fields:[_id ( type:ObjectId, single:true); {interface org.mongodb.morphia.annotations.Property=@org.mongodb.morphia.annotations.Property(value=_id, concreteClass=class java.lang.Object), interface org.mongodb.morphia.annotations.Id=@org.mongodb.morphia.annotations.Id()}, external_id ( type:String, single:true); {interface org.mongodb.morphia.annotations.Property=@org.mongodb.morphia.annotations.Property(value=external_id, concreteClass=class java.lang.Object)}, issue_id ( type:ObjectId, single:true); {interface org.mongodb.morphia.annotations.Property=@org.mongodb.morphia.annotations.Property(value=issue_id, concreteClass=class java.lang.Object)}, created_at ( type:Date, single:true); {interface org.mongodb.morphia.annotations.Property=@org.mongodb.morphia.annotations.Property(value=created_at, concreteClass=class java.lang.Object)}, comment ( type:String, single:true); {}, author_id ( type:ObjectId, single:true); {interface org.mongodb.morphia.annotations.Property=@org.mongodb.morphia.annotations.Property(value=author_id, concreteClass=class java.lang.Object)}]
&amp#27;[m&amp#27;[32m2018-07-19 16:39:08,429 [main] DEBUG org.mongodb.morphia.mapping.MappedClass - MappedClass done: MappedClass - kind:project for de.ugoe.cs.smartshark.model.Project fields:[_id ( type:ObjectId, single:true); {interface org.mongodb.morphia.annotations.Property=@org.mongodb.morphia.annotations.Property(value=_id, concreteClass=class java.lang.Object), interface org.mongodb.morphia.annotations.Id=@org.mongodb.morphia.annotations.Id()}, name ( type:String, single:true); {}]
&amp#27;[m&amp#27;[32m2018-07-19 16:39:08,429 [main] DEBUG org.mongodb.morphia.mapping.MappedClass - MappedClass done: MappedClass - kind:vcs_system for de.ugoe.cs.smartshark.model.VCSSystem fields:[_id ( type:ObjectId, single:true); {interface org.mongodb.morphia.annotations.Property=@org.mongodb.morphia.annotations.Property(value=_id, concreteClass=class java.lang.Object), interface org.mongodb.morphia.annotations.Id=@org.mongodb.morphia.annotations.Id()}, url ( type:String, single:true); {}, repository_type ( type:String, single:true); {interface org.mongodb.morphia.annotations.Property=@org.mongodb.morphia.annotations.Property(value=repository_type, concreteClass=class java.lang.Object)}, project_id ( type:ObjectId, single:true); {interface org.mongodb.morphia.annotations.Property=@org.mongodb.morphia.annotations.Property(value=project_id, concreteClass=class java.lang.Object)}, last_updated ( type:Date, single:true); {interface org.mongodb.morphia.annotations.Property=@org.mongodb.morphia.annotations.Property(value=last_updated, concreteClass=class java.lang.Object)}]
&amp#27;[m&amp#27;[32m2018-07-19 16:39:08,430 [main] DEBUG org.mongodb.morphia.mapping.MappedClass - MappedClass done: MappedClass - kind:clone_instance for de.ugoe.cs.smartshark.model.CloneInstance fields:[_id ( type:ObjectId, single:true); {interface org.mongodb.morphia.annotations.Property=@org.mongodb.morphia.annotations.Property(value=_id, concreteClass=class java.lang.Object), interface org.mongodb.morphia.annotations.Id=@org.mongodb.morphia.annotations.Id()}, name ( type:String, single:true); {}, commit_id ( type:ObjectId, single:true); {interface org.mongodb.morphia.annotations.Property=@org.mongodb.morphia.annotations.Property(value=commit_id, concreteClass=class java.lang.Object)}, file_id ( type:ObjectId, single:true); {interface org.mongodb.morphia.annotations.Property=@org.mongodb.morphia.annotations.Property(value=file_id, concreteClass=class java.lang.Object)}, start_line ( type:int, single:true); {interface org.mongodb.morphia.annotations.Property=@org.mongodb.morphia.annotations.Property(value=start_line, concreteClass=class java.lang.Object)}, end_line ( type:int, single:true); {interface org.mongodb.morphia.annotations.Property=@org.mongodb.morphia.annotations.Property(value=end_line, concreteClass=class java.lang.Object)}, start_column ( type:int, single:true); {interface org.mongodb.morphia.annotations.Property=@org.mongodb.morphia.annotations.Property(value=start_column, concreteClass=class java.lang.Object)}, end_column ( type:int, single:true); {interface org.mongodb.morphia.annotations.Property=@org.mongodb.morphia.annotations.Property(value=end_column, concreteClass=class java.lang.Object)}, clone_instance_metrics ( type:Map, multiple:true, subtype:class java.lang.Double, map:true, map-key:String); {interface org.mongodb.morphia.annotations.Property=@org.mongodb.morphia.annotations.Property(value=clone_instance_metrics, concreteClass=class java.lang.Object)}, clone_class ( type:String, single:true); {interface org.mongodb.morphia.annotations.Property=@org.mongodb.morphia.annotations.Property(value=clone_class, concreteClass=class java.lang.Object)}, clone_class_metrics ( type:Map, multiple:true, subtype:class java.lang.Double, map:true, map-key:String); {interface org.mongodb.morphia.annotations.Property=@org.mongodb.morphia.annotations.Property(value=clone_class_metrics, concreteClass=class java.lang.Object)}]
&amp#27;[m&amp#27;[32m2018-07-19 16:39:08,432 [main] DEBUG org.mongodb.morphia.mapping.MappedClass - MappedClass done: MappedClass - kind:issue for de.ugoe.cs.smartshark.model.Issue fields:[_id ( type:ObjectId, single:true); {interface org.mongodb.morphia.annotations.Property=@org.mongodb.morphia.annotations.Property(value=_id, concreteClass=class java.lang.Object), interface org.mongodb.morphia.annotations.Id=@org.mongodb.morphia.annotations.Id()}, external_id ( type:String, single:true); {interface org.mongodb.morphia.annotations.Property=@org.mongodb.morphia.annotations.Property(value=external_id, concreteClass=class java.lang.Object)}, issue_system_id ( type:ObjectId, single:true); {interface org.mongodb.morphia.annotations.Property=@org.mongodb.morphia.annotations.Property(value=issue_system_id, concreteClass=class java.lang.Object)}, title ( type:String, single:true); {}, desc ( type:String, single:true); {}, created_at ( type:Date, single:true); {interface org.mongodb.morphia.annotations.Property=@org.mongodb.morphia.annotations.Property(value=created_at, concreteClass=class java.lang.Object)}, updated_at ( type:Date, single:true); {interface org.mongodb.morphia.annotations.Property=@org.mongodb.morphia.annotations.Property(value=updated_at, concreteClass=class java.lang.Object)}, creator_id ( type:ObjectId, single:true); {interface org.mongodb.morphia.annotations.Property=@org.mongodb.morphia.annotations.Property(value=creator_id, concreteClass=class java.lang.Object)}, reporter_id ( type:ObjectId, single:true); {interface org.mongodb.morphia.annotations.Property=@org.mongodb.morphia.annotations.Property(value=reporter_id, concreteClass=class java.lang.Object)}, issue_type ( type:String, single:true); {interface org.mongodb.morphia.annotations.Property=@org.mongodb.morphia.annotations.Property(value=issue_type, concreteClass=class java.lang.Object)}, priority ( type:String, single:true); {}, status ( type:String, single:true); {}, affects_versions ( type:List, multiple:true, subtype:class java.lang.String, collection:true); {interface org.mongodb.morphia.annotations.Property=@org.mongodb.morphia.annotations.Property(value=affects_versions, concreteClass=class java.lang.Object)}, components ( type:List, multiple:true, subtype:class java.lang.String, collection:true); {}, labels ( type:List, multiple:true, subtype:class java.lang.String, collection:true); {}, resolution ( type:String, single:true); {}, fix_versions ( type:List, multiple:true, subtype:class java.lang.String, collection:true); {interface org.mongodb.morphia.annotations.Property=@org.mongodb.morphia.annotations.Property(value=fix_versions, concreteClass=class java.lang.Object)}, assignee_id ( type:ObjectId, single:true); {interface org.mongodb.morphia.annotations.Property=@org.mongodb.morphia.annotations.Property(value=assignee_id, concreteClass=class java.lang.Object)}, issue_links ( type:List, multiple:true, subtype:interface java.util.Map, collection:true); {interface org.mongodb.morphia.annotations.Property=@org.mongodb.morphia.annotations.Property(value=issue_links, concreteClass=class java.lang.Object)}, parent_issue_id ( type:ObjectId, single:true); {interface org.mongodb.morphia.annotations.Property=@org.mongodb.morphia.annotations.Property(value=parent_issue_id, concreteClass=class java.lang.Object)}, original_time_estimate ( type:Integer, single:true); {interface org.mongodb.morphia.annotations.Property=@org.mongodb.morphia.annotations.Property(value=original_time_estimate, concreteClass=class java.lang.Object)}, environment ( type:String, single:true); {}, platform ( type:String, single:true); {}]
&amp#27;[m&amp#27;[32m2018-07-19 16:39:08,433 [main] DEBUG org.mongodb.morphia.mapping.MappedClass - MappedClass done: MappedClass - kind:commit_changes for de.ugoe.cs.smartshark.model.CommitChanges fields:[_id ( type:ObjectId, single:true); {interface org.mongodb.morphia.annotations.Property=@org.mongodb.morphia.annotations.Property(value=_id, concreteClass=class java.lang.Object), interface org.mongodb.morphia.annotations.Id=@org.mongodb.morphia.annotations.Id()}, old_commit_id ( type:ObjectId, single:true); {interface org.mongodb.morphia.annotations.Property=@org.mongodb.morphia.annotations.Property(value=old_commit_id, concreteClass=class java.lang.Object)}, new_commit_id ( type:ObjectId, single:true); {interface org.mongodb.morphia.annotations.Property=@org.mongodb.morphia.annotations.Property(value=new_commit_id, concreteClass=class java.lang.Object)}, classification ( type:Map, multiple:true, subtype:interface java.util.Map, map:true, map-key:ObjectId); {}]
&amp#27;[m&amp#27;[32m2018-07-19 16:39:08,434 [main] DEBUG org.mongodb.morphia.mapping.MappedClass - MappedClass done: MappedClass - kind:event for de.ugoe.cs.smartshark.model.Event fields:[_id ( type:ObjectId, single:true); {interface org.mongodb.morphia.annotations.Property=@org.mongodb.morphia.annotations.Property(value=_id, concreteClass=class java.lang.Object), interface org.mongodb.morphia.annotations.Id=@org.mongodb.morphia.annotations.Id()}, external_id ( type:String, single:true); {interface org.mongodb.morphia.annotations.Property=@org.mongodb.morphia.annotations.Property(value=external_id, concreteClass=class java.lang.Object)}, issue_id ( type:ObjectId, single:true); {interface org.mongodb.morphia.annotations.Property=@org.mongodb.morphia.annotations.Property(value=issue_id, concreteClass=class java.lang.Object)}, created_at ( type:Date, single:true); {interface org.mongodb.morphia.annotations.Property=@org.mongodb.morphia.annotations.Property(value=created_at, concreteClass=class java.lang.Object)}, status ( type:String, single:true); {}, author_id ( type:ObjectId, single:true); {interface org.mongodb.morphia.annotations.Property=@org.mongodb.morphia.annotations.Property(value=author_id, concreteClass=class java.lang.Object)}, old_value ( type:String, single:true); {interface org.mongodb.morphia.annotations.Property=@org.mongodb.morphia.annotations.Property(value=old_value, concreteClass=class java.lang.Object)}, new_value ( type:String, single:true); {interface org.mongodb.morphia.annotations.Property=@org.mongodb.morphia.annotations.Property(value=new_value, concreteClass=class java.lang.Object)}]
&amp#27;[m&amp#27;[32m2018-07-19 16:39:08,435 [main] DEBUG org.mongodb.morphia.mapping.MappedClass - MappedClass done: MappedClass - kind:message for de.ugoe.cs.smartshark.model.Message fields:[_id ( type:ObjectId, single:true); {interface org.mongodb.morphia.annotations.Property=@org.mongodb.morphia.annotations.Property(value=_id, concreteClass=class java.lang.Object), interface org.mongodb.morphia.annotations.Id=@org.mongodb.morphia.annotations.Id()}, message_id ( type:String, single:true); {interface org.mongodb.morphia.annotations.Property=@org.mongodb.morphia.annotations.Property(value=message_id, concreteClass=class java.lang.Object)}, mailing_list_id ( type:ObjectId, single:true); {interface org.mongodb.morphia.annotations.Property=@org.mongodb.morphia.annotations.Property(value=mailing_list_id, concreteClass=class java.lang.Object)}, reference_ids ( type:List, multiple:true, subtype:class org.bson.types.ObjectId, collection:true); {interface org.mongodb.morphia.annotations.Property=@org.mongodb.morphia.annotations.Property(value=reference_ids, concreteClass=class java.lang.Object)}, in_reply_to_id ( type:ObjectId, single:true); {interface org.mongodb.morphia.annotations.Property=@org.mongodb.morphia.annotations.Property(value=in_reply_to_id, concreteClass=class java.lang.Object)}, from_id ( type:ObjectId, single:true); {interface org.mongodb.morphia.annotations.Property=@org.mongodb.morphia.annotations.Property(value=from_id, concreteClass=class java.lang.Object)}, to_ids ( type:List, multiple:true, subtype:class org.bson.types.ObjectId, collection:true); {interface org.mongodb.morphia.annotations.Property=@org.mongodb.morphia.annotations.Property(value=to_ids, concreteClass=class java.lang.Object)}, cc_ids ( type:List, multiple:true, subtype:class org.bson.types.ObjectId, collection:true); {interface org.mongodb.morphia.annotations.Property=@org.mongodb.morphia.annotations.Property(value=cc_ids, concreteClass=class java.lang.Object)}, subject ( type:String, single:true); {}, body ( type:String, single:true); {}, date ( type:Date, single:true); {}, patches ( type:List, multiple:true, subtype:class java.lang.String, collection:true); {}]
&amp#27;[m&amp#27;[32m2018-07-19 16:39:08,436 [main] DEBUG org.mongodb.morphia.mapping.MappedClass - MappedClass done: MappedClass - kind:issue_system for de.ugoe.cs.smartshark.model.IssueSystem fields:[_id ( type:ObjectId, single:true); {interface org.mongodb.morphia.annotations.Property=@org.mongodb.morphia.annotations.Property(value=_id, concreteClass=class java.lang.Object), interface org.mongodb.morphia.annotations.Id=@org.mongodb.morphia.annotations.Id()}, url ( type:String, single:true); {}, project_id ( type:ObjectId, single:true); {interface org.mongodb.morphia.annotations.Property=@org.mongodb.morphia.annotations.Property(value=project_id, concreteClass=class java.lang.Object)}, last_updated ( type:Date, single:true); {interface org.mongodb.morphia.annotations.Property=@org.mongodb.morphia.annotations.Property(value=last_updated, concreteClass=class java.lang.Object)}]
&amp#27;[m&amp#27;[32m2018-07-19 16:39:08,436 [main] DEBUG org.mongodb.morphia.mapping.MappedClass - MappedClass done: MappedClass - kind:identity for de.ugoe.cs.smartshark.model.Identity fields:[_id ( type:ObjectId, single:true); {interface org.mongodb.morphia.annotations.Property=@org.mongodb.morphia.annotations.Property(value=_id, concreteClass=class java.lang.Object), interface org.mongodb.morphia.annotations.Id=@org.mongodb.morphia.annotations.Id()}, people ( type:List, multiple:true, subtype:class org.bson.types.ObjectId, collection:true); {interface org.mongodb.morphia.annotations.Property=@org.mongodb.morphia.annotations.Property(value=people, concreteClass=class java.lang.Object)}]
&amp#27;[m&amp#27;[32m2018-07-19 16:39:08,437 [main] DEBUG org.mongodb.morphia.mapping.MappedClass - MappedClass done: MappedClass - kind:hunk for de.ugoe.cs.smartshark.model.Hunk fields:[_id ( type:ObjectId, single:true); {interface org.mongodb.morphia.annotations.Property=@org.mongodb.morphia.annotations.Property(value=_id, concreteClass=class java.lang.Object), interface org.mongodb.morphia.annotations.Id=@org.mongodb.morphia.annotations.Id()}, file_action_id ( type:ObjectId, single:true); {interface org.mongodb.morphia.annotations.Property=@org.mongodb.morphia.annotations.Property(value=file_action_id, concreteClass=class java.lang.Object)}, new_start ( type:Integer, single:true); {interface org.mongodb.morphia.annotations.Property=@org.mongodb.morphia.annotations.Property(value=new_start, concreteClass=class java.lang.Object)}, new_lines ( type:Integer, single:true); {interface org.mongodb.morphia.annotations.Property=@org.mongodb.morphia.annotations.Property(value=new_lines, concreteClass=class java.lang.Object)}, old_start ( type:Integer, single:true); {interface org.mongodb.morphia.annotations.Property=@org.mongodb.morphia.annotations.Property(value=old_start, concreteClass=class java.lang.Object)}, old_lines ( type:Integer, single:true); {interface org.mongodb.morphia.annotations.Property=@org.mongodb.morphia.annotations.Property(value=old_lines, concreteClass=class java.lang.Object)}, content ( type:String, single:true); {}]
&amp#27;[m&amp#27;[32m2018-07-19 16:39:08,438 [main] DEBUG de.ugoe.cs.smartshark.SmartSHARKAdapter - Connecting to database...
&amp#27;[m&amp#27;[32m2018-07-19 16:39:08,449 [main] DEBUG org.mongodb.morphia.mapping.MappedClass - MappedClass done: MappedClass - kind:MutationResult for de.ugoe.cs.smartshark.model.MutationResult fields:[mutation_id ( type:ObjectId, single:true); {interface org.mongodb.morphia.annotations.Property=@org.mongodb.morphia.annotations.Property(value=mutation_id, concreteClass=class java.lang.Object)}, result ( type:String, single:true); {}]
&amp#27;[m&amp#27;[32m2018-07-19 16:39:08,450 [main] DEBUG org.mongodb.morphia.mapping.MappedClass - MappedClass done: MappedClass - kind:TravisJob for de.ugoe.cs.smartshark.model.TravisJob fields:[_id ( type:ObjectId, single:true); {interface org.mongodb.morphia.annotations.Property=@org.mongodb.morphia.annotations.Property(value=_id, concreteClass=class java.lang.Object), interface org.mongodb.morphia.annotations.Id=@org.mongodb.morphia.annotations.Id()}, tr_id ( type:Integer, single:true); {interface org.mongodb.morphia.annotations.Property=@org.mongodb.morphia.annotations.Property(value=tr_id, concreteClass=class java.lang.Object)}, allow_failure ( type:Boolean, single:true); {interface org.mongodb.morphia.annotations.Property=@org.mongodb.morphia.annotations.Property(value=allow_failure, concreteClass=class java.lang.Object)}, number ( type:String, single:true); {}, state ( type:String, single:true); {}, started_at ( type:Date, single:true); {interface org.mongodb.morphia.annotations.Property=@org.mongodb.morphia.annotations.Property(value=started_at, concreteClass=class java.lang.Object)}, finished_at ( type:Date, single:true); {interface org.mongodb.morphia.annotations.Property=@org.mongodb.morphia.annotations.Property(value=finished_at, concreteClass=class java.lang.Object)}, stages ( type:List, multiple:true, subtype:class java.lang.String, collection:true); {}, metrics ( type:Map, multiple:true, subtype:class java.lang.String, map:true, map-key:String); {}, config ( type:Map, multiple:true, subtype:class java.lang.String, map:true, map-key:String); {}]
&amp#27;[m&amp#27;[32m2018-07-19 16:39:08,451 [main] DEBUG org.mongodb.morphia.mapping.MappedClass - MappedClass done: MappedClass - kind:RefactoringState for de.ugoe.cs.smartshark.model.RefactoringState fields:[parent_ce_before ( type:ObjectId, single:true); {interface org.mongodb.morphia.annotations.Property=@org.mongodb.morphia.annotations.Property(value=parent_ce_before, concreteClass=class java.lang.Object)}, parent_ce_after ( type:ObjectId, single:true); {interface org.mongodb.morphia.annotations.Property=@org.mongodb.morphia.annotations.Property(value=parent_ce_after, concreteClass=class java.lang.Object)}, ce_before ( type:ObjectId, single:true); {interface org.mongodb.morphia.annotations.Property=@org.mongodb.morphia.annotations.Property(value=ce_before, concreteClass=class java.lang.Object)}, ce_after ( type:ObjectId, single:true); {interface org.mongodb.morphia.annotations.Property=@org.mongodb.morphia.annotations.Property(value=ce_after, concreteClass=class java.lang.Object)}]
&amp#27;[m&amp#27;[32m2018-07-19 16:39:08,452 [main] DEBUG org.mongodb.morphia.mapping.MappedClass - MappedClass done: MappedClass - kind:Map for java.util.Map fields:[]
&amp#27;[m]]></system-out>
  </testcase>
  <testcase name="Test mechanism" classname="Test mechanism" time="0.318">
    <error type="java.lang.NullPointerException">java.lang.NullPointerException
</error>
    <system-out><![CDATA[de/ugoe/cs/testproject/B
METHOD3
]]></system-out>
  </testcase>
  <testcase name="Test mechanism" classname="Test mechanism" time="0.262">
    <error type="java.lang.NullPointerException">java.lang.NullPointerException
</error>
    <system-out><![CDATA[&amp#27;[32m2018-07-19 16:39:08,672 [main] DEBUG org.mongodb.morphia.mapping.MappedClass - MappedClass done: MappedClass - kind:mailing_list for de.ugoe.cs.smartshark.model.MailingList fields:[_id ( type:ObjectId, single:true); {interface org.mongodb.morphia.annotations.Property=@org.mongodb.morphia.annotations.Property(value=_id, concreteClass=class java.lang.Object), interface org.mongodb.morphia.annotations.Id=@org.mongodb.morphia.annotations.Id()}, project_id ( type:ObjectId, single:true); {interface org.mongodb.morphia.annotations.Property=@org.mongodb.morphia.annotations.Property(value=project_id, concreteClass=class java.lang.Object)}, last_updated ( type:Date, single:true); {interface org.mongodb.morphia.annotations.Property=@org.mongodb.morphia.annotations.Property(value=last_updated, concreteClass=class java.lang.Object)}, name ( type:String, single:true); {}]
&amp#27;[m&amp#27;[32m2018-07-19 16:39:08,672 [main] DEBUG org.mongodb.morphia.mapping.MappedClass - MappedClass done: MappedClass - kind:refactoring for de.ugoe.cs.smartshark.model.Refactoring fields:[_id ( type:ObjectId, single:true); {interface org.mongodb.morphia.annotations.Property=@org.mongodb.morphia.annotations.Property(value=_id, concreteClass=class java.lang.Object), interface org.mongodb.morphia.annotations.Id=@org.mongodb.morphia.annotations.Id()}, commit_id ( type:ObjectId, single:true); {interface org.mongodb.morphia.annotations.Property=@org.mongodb.morphia.annotations.Property(value=commit_id, concreteClass=class java.lang.Object)}, type ( type:String, single:true); {}, description ( type:String, single:true); {}, ce_state ( type:RefactoringState, single:true); {interface org.mongodb.morphia.annotations.Embedded=@org.mongodb.morphia.annotations.Embedded(value=ce_state, concreteClass=class java.lang.Object)}, parent_commit_ce_states ( type:List, multiple:true, subtype:class de.ugoe.cs.smartshark.model.RefactoringState, collection:true); {interface org.mongodb.morphia.annotations.Embedded=@org.mongodb.morphia.annotations.Embedded(value=parent_commit_ce_states, concreteClass=class java.lang.Object)}]
&amp#27;[m&amp#27;[32m2018-07-19 16:39:08,673 [main] DEBUG org.mongodb.morphia.mapping.MappedClass - MappedClass done: MappedClass - kind:mutation for de.ugoe.cs.smartshark.model.Mutation fields:[_id ( type:ObjectId, single:true); {interface org.mongodb.morphia.annotations.Property=@org.mongodb.morphia.annotations.Property(value=_id, concreteClass=class java.lang.Object), interface org.mongodb.morphia.annotations.Id=@org.mongodb.morphia.annotations.Id()}, m_type ( type:String, single:true); {interface org.mongodb.morphia.annotations.Property=@org.mongodb.morphia.annotations.Property(value=m_type, concreteClass=class java.lang.Object)}, location ( type:String, single:true); {}, l_num ( type:Integer, single:true); {interface org.mongodb.morphia.annotations.Property=@org.mongodb.morphia.annotations.Property(value=l_num, concreteClass=class java.lang.Object)}, classification ( type:String, single:true); {}]
&amp#27;[m&amp#27;[32m2018-07-19 16:39:08,674 [main] DEBUG org.mongodb.morphia.mapping.MappedClass - MappedClass done: MappedClass - kind:tag for de.ugoe.cs.smartshark.model.Tag fields:[_id ( type:ObjectId, single:true); {interface org.mongodb.morphia.annotations.Property=@org.mongodb.morphia.annotations.Property(value=_id, concreteClass=class java.lang.Object), interface org.mongodb.morphia.annotations.Id=@org.mongodb.morphia.annotations.Id()}, name ( type:String, single:true); {}, commit_id ( type:ObjectId, single:true); {interface org.mongodb.morphia.annotations.Property=@org.mongodb.morphia.annotations.Property(value=commit_id, concreteClass=class java.lang.Object)}, vcs_system_id ( type:ObjectId, single:true); {interface org.mongodb.morphia.annotations.Property=@org.mongodb.morphia.annotations.Property(value=vcs_system_id, concreteClass=class java.lang.Object)}, message ( type:String, single:true); {}, tagger_id ( type:ObjectId, single:true); {interface org.mongodb.morphia.annotations.Property=@org.mongodb.morphia.annotations.Property(value=tagger_id, concreteClass=class java.lang.Object)}, date ( type:Date, single:true); {}, date_offset ( type:Integer, single:true); {interface org.mongodb.morphia.annotations.Property=@org.mongodb.morphia.annotations.Property(value=date_offset, concreteClass=class java.lang.Object)}]
&amp#27;[m&amp#27;[32m2018-07-19 16:39:08,675 [main] DEBUG org.mongodb.morphia.mapping.MappedClass - MappedClass done: MappedClass - kind:travis_build for de.ugoe.cs.smartshark.model.TravisBuild fields:[_id ( type:ObjectId, single:true); {interface org.mongodb.morphia.annotations.Property=@org.mongodb.morphia.annotations.Property(value=_id, concreteClass=class java.lang.Object), interface org.mongodb.morphia.annotations.Id=@org.mongodb.morphia.annotations.Id()}, tr_id ( type:Integer, single:true); {interface org.mongodb.morphia.annotations.Property=@org.mongodb.morphia.annotations.Property(value=tr_id, concreteClass=class java.lang.Object)}, vcs_system_id ( type:ObjectId, single:true); {interface org.mongodb.morphia.annotations.Property=@org.mongodb.morphia.annotations.Property(value=vcs_system_id, concreteClass=class java.lang.Object)}, commit_id ( type:ObjectId, single:true); {interface org.mongodb.morphia.annotations.Property=@org.mongodb.morphia.annotations.Property(value=commit_id, concreteClass=class java.lang.Object)}, number ( type:Integer, single:true); {}, state ( type:String, single:true); {}, duration ( type:Long, single:true); {}, event_type ( type:String, single:true); {interface org.mongodb.morphia.annotations.Property=@org.mongodb.morphia.annotations.Property(value=event_type, concreteClass=class java.lang.Object)}, pr_number ( type:Integer, single:true); {interface org.mongodb.morphia.annotations.Property=@org.mongodb.morphia.annotations.Property(value=pr_number, concreteClass=class java.lang.Object)}, started_at ( type:Date, single:true); {interface org.mongodb.morphia.annotations.Property=@org.mongodb.morphia.annotations.Property(value=started_at, concreteClass=class java.lang.Object)}, finished_at ( type:Date, single:true); {interface org.mongodb.morphia.annotations.Property=@org.mongodb.morphia.annotations.Property(value=finished_at, concreteClass=class java.lang.Object)}, stages ( type:List, multiple:true, subtype:class java.lang.String, collection:true); {}, jobs ( type:List, multiple:true, subtype:class de.ugoe.cs.smartshark.model.TravisJob, collection:true); {interface org.mongodb.morphia.annotations.Embedded=@org.mongodb.morphia.annotations.Embedded(value=jobs, concreteClass=class java.lang.Object)}]
&amp#27;[m&amp#27;[32m2018-07-19 16:39:08,677 [main] DEBUG org.mongodb.morphia.mapping.MappedClass - MappedClass done: MappedClass - kind:code_group_state for de.ugoe.cs.smartshark.model.CodeGroupState fields:[_id ( type:ObjectId, single:true); {interface org.mongodb.morphia.annotations.Property=@org.mongodb.morphia.annotations.Property(value=_id, concreteClass=class java.lang.Object), interface org.mongodb.morphia.annotations.Id=@org.mongodb.morphia.annotations.Id()}, s_key ( type:String, single:true); {interface org.mongodb.morphia.annotations.Property=@org.mongodb.morphia.annotations.Property(value=s_key, concreteClass=class java.lang.Object)}, long_name ( type:String, single:true); {interface org.mongodb.morphia.annotations.Property=@org.mongodb.morphia.annotations.Property(value=long_name, concreteClass=class java.lang.Object)}, commit_id ( type:ObjectId, single:true); {interface org.mongodb.morphia.annotations.Property=@org.mongodb.morphia.annotations.Property(value=commit_id, concreteClass=class java.lang.Object)}, cg_parent_ids ( type:List, multiple:true, subtype:class org.bson.types.ObjectId, collection:true); {interface org.mongodb.morphia.annotations.Property=@org.mongodb.morphia.annotations.Property(value=cg_parent_ids, concreteClass=class java.lang.Object)}, cg_type ( type:String, single:true); {interface org.mongodb.morphia.annotations.Property=@org.mongodb.morphia.annotations.Property(value=cg_type, concreteClass=class java.lang.Object)}, metrics ( type:Map, multiple:true, subtype:class java.lang.Double, map:true, map-key:String); {}]
&amp#27;[m&amp#27;[32m2018-07-19 16:39:08,677 [main] DEBUG org.mongodb.morphia.mapping.MappedClass - MappedClass done: MappedClass - kind:people for de.ugoe.cs.smartshark.model.People fields:[_id ( type:ObjectId, single:true); {interface org.mongodb.morphia.annotations.Property=@org.mongodb.morphia.annotations.Property(value=_id, concreteClass=class java.lang.Object), interface org.mongodb.morphia.annotations.Id=@org.mongodb.morphia.annotations.Id()}, email ( type:String, single:true); {}, name ( type:String, single:true); {}, username ( type:String, single:true); {}]
&amp#27;[m&amp#27;[32m2018-07-19 16:39:08,678 [main] DEBUG org.mongodb.morphia.mapping.MappedClass - MappedClass done: MappedClass - kind:file for de.ugoe.cs.smartshark.model.File fields:[_id ( type:ObjectId, single:true); {interface org.mongodb.morphia.annotations.Property=@org.mongodb.morphia.annotations.Property(value=_id, concreteClass=class java.lang.Object), interface org.mongodb.morphia.annotations.Id=@org.mongodb.morphia.annotations.Id()}, vcs_system_id ( type:ObjectId, single:true); {interface org.mongodb.morphia.annotations.Property=@org.mongodb.morphia.annotations.Property(value=vcs_system_id, concreteClass=class java.lang.Object)}, path ( type:String, single:true); {}]
&amp#27;[m&amp#27;[32m2018-07-19 16:39:08,679 [main] DEBUG org.mongodb.morphia.mapping.MappedClass - MappedClass done: MappedClass - kind:test_state for de.ugoe.cs.smartshark.model.TestState fields:[_id ( type:ObjectId, single:true); {interface org.mongodb.morphia.annotations.Property=@org.mongodb.morphia.annotations.Property(value=_id, concreteClass=class java.lang.Object), interface org.mongodb.morphia.annotations.Id=@org.mongodb.morphia.annotations.Id()}, name ( type:String, single:true); {}, file_id ( type:ObjectId, single:true); {interface org.mongodb.morphia.annotations.Property=@org.mongodb.morphia.annotations.Property(value=file_id, concreteClass=class java.lang.Object)}, commit_id ( type:ObjectId, single:true); {interface org.mongodb.morphia.annotations.Property=@org.mongodb.morphia.annotations.Property(value=commit_id, concreteClass=class java.lang.Object)}, metrics ( type:Map, multiple:true, subtype:class java.lang.String, map:true, map-key:String); {}, mutation_res ( type:Set, multiple:true, subtype:class de.ugoe.cs.smartshark.model.MutationResult, set:true, collection:true); {interface org.mongodb.morphia.annotations.Embedded=@org.mongodb.morphia.annotations.Embedded(value=mutation_res, concreteClass=class java.lang.Object)}]
&amp#27;[m&amp#27;[32m2018-07-19 16:39:08,680 [main] DEBUG org.mongodb.morphia.mapping.MappedClass - MappedClass done: MappedClass - kind:file_action for de.ugoe.cs.smartshark.model.FileAction fields:[_id ( type:ObjectId, single:true); {interface org.mongodb.morphia.annotations.Property=@org.mongodb.morphia.annotations.Property(value=_id, concreteClass=class java.lang.Object), interface org.mongodb.morphia.annotations.Id=@org.mongodb.morphia.annotations.Id()}, file_id ( type:ObjectId, single:true); {interface org.mongodb.morphia.annotations.Property=@org.mongodb.morphia.annotations.Property(value=file_id, concreteClass=class java.lang.Object)}, commit_id ( type:ObjectId, single:true); {interface org.mongodb.morphia.annotations.Property=@org.mongodb.morphia.annotations.Property(value=commit_id, concreteClass=class java.lang.Object)}, mode ( type:String, single:true); {}, size_at_commit ( type:Integer, single:true); {interface org.mongodb.morphia.annotations.Property=@org.mongodb.morphia.annotations.Property(value=size_at_commit, concreteClass=class java.lang.Object)}, lines_added ( type:Integer, single:true); {interface org.mongodb.morphia.annotations.Property=@org.mongodb.morphia.annotations.Property(value=lines_added, concreteClass=class java.lang.Object)}, lines_deleted ( type:Integer, single:true); {interface org.mongodb.morphia.annotations.Property=@org.mongodb.morphia.annotations.Property(value=lines_deleted, concreteClass=class java.lang.Object)}, is_binary ( type:Boolean, single:true); {interface org.mongodb.morphia.annotations.Property=@org.mongodb.morphia.annotations.Property(value=is_binary, concreteClass=class java.lang.Object)}, old_file_id ( type:ObjectId, single:true); {interface org.mongodb.morphia.annotations.Property=@org.mongodb.morphia.annotations.Property(value=old_file_id, concreteClass=class java.lang.Object)}]
&amp#27;[m&amp#27;[32m2018-07-19 16:39:08,681 [main] DEBUG org.mongodb.morphia.mapping.MappedClass - MappedClass done: MappedClass - kind:commit for de.ugoe.cs.smartshark.model.Commit fields:[_id ( type:ObjectId, single:true); {interface org.mongodb.morphia.annotations.Property=@org.mongodb.morphia.annotations.Property(value=_id, concreteClass=class java.lang.Object), interface org.mongodb.morphia.annotations.Id=@org.mongodb.morphia.annotations.Id()}, vcs_system_id ( type:ObjectId, single:true); {interface org.mongodb.morphia.annotations.Property=@org.mongodb.morphia.annotations.Property(value=vcs_system_id, concreteClass=class java.lang.Object)}, revision_hash ( type:String, single:true); {interface org.mongodb.morphia.annotations.Property=@org.mongodb.morphia.annotations.Property(value=revision_hash, concreteClass=class java.lang.Object)}, branches ( type:List, multiple:true, subtype:class java.lang.String, collection:true); {}, parents ( type:List, multiple:true, subtype:class java.lang.String, collection:true); {}, author_id ( type:ObjectId, single:true); {interface org.mongodb.morphia.annotations.Property=@org.mongodb.morphia.annotations.Property(value=author_id, concreteClass=class java.lang.Object)}, author_date ( type:Date, single:true); {interface org.mongodb.morphia.annotations.Property=@org.mongodb.morphia.annotations.Property(value=author_date, concreteClass=class java.lang.Object)}, author_date_offset ( type:int, single:true); {interface org.mongodb.morphia.annotations.Property=@org.mongodb.morphia.annotations.Property(value=author_date_offset, concreteClass=class java.lang.Object)}, committer_id ( type:ObjectId, single:true); {interface org.mongodb.morphia.annotations.Property=@org.mongodb.morphia.annotations.Property(value=committer_id, concreteClass=class java.lang.Object)}, committer_date ( type:Date, single:true); {interface org.mongodb.morphia.annotations.Property=@org.mongodb.morphia.annotations.Property(value=committer_date, concreteClass=class java.lang.Object)}, committer_date_offset ( type:int, single:true); {interface org.mongodb.morphia.annotations.Property=@org.mongodb.morphia.annotations.Property(value=committer_date_offset, concreteClass=class java.lang.Object)}, message ( type:String, single:true); {}, linked_issue_ids ( type:List, multiple:true, subtype:class org.bson.types.ObjectId, collection:true); {interface org.mongodb.morphia.annotations.Property=@org.mongodb.morphia.annotations.Property(value=linked_issue_ids, concreteClass=class java.lang.Object)}, labels ( type:Map, multiple:true, subtype:class java.lang.String, map:true, map-key:String); {}]
&amp#27;[m&amp#27;[32m2018-07-19 16:39:08,683 [main] DEBUG org.mongodb.morphia.mapping.MappedClass - MappedClass done: MappedClass - kind:code_entity_state for de.ugoe.cs.smartshark.model.CodeEntityState fields:[_id ( type:ObjectId, single:true); {interface org.mongodb.morphia.annotations.Property=@org.mongodb.morphia.annotations.Property(value=_id, concreteClass=class java.lang.Object), interface org.mongodb.morphia.annotations.Id=@org.mongodb.morphia.annotations.Id()}, s_key ( type:String, single:true); {interface org.mongodb.morphia.annotations.Property=@org.mongodb.morphia.annotations.Property(value=s_key, concreteClass=class java.lang.Object)}, long_name ( type:String, single:true); {interface org.mongodb.morphia.annotations.Property=@org.mongodb.morphia.annotations.Property(value=long_name, concreteClass=class java.lang.Object)}, commit_id ( type:ObjectId, single:true); {interface org.mongodb.morphia.annotations.Property=@org.mongodb.morphia.annotations.Property(value=commit_id, concreteClass=class java.lang.Object)}, file_id ( type:ObjectId, single:true); {interface org.mongodb.morphia.annotations.Property=@org.mongodb.morphia.annotations.Property(value=file_id, concreteClass=class java.lang.Object)}, linter ( type:List, multiple:true, subtype:interface java.util.Map, collection:true); {}, test_type ( type:Map, multiple:true, subtype:class java.lang.String, map:true, map-key:String); {interface org.mongodb.morphia.annotations.Property=@org.mongodb.morphia.annotations.Property(value=test_type, concreteClass=class java.lang.Object)}, ce_parent_id ( type:ObjectId, single:true); {interface org.mongodb.morphia.annotations.Property=@org.mongodb.morphia.annotations.Property(value=ce_parent_id, concreteClass=class java.lang.Object)}, cg_ids ( type:List, multiple:true, subtype:class org.bson.types.ObjectId, collection:true); {interface org.mongodb.morphia.annotations.Property=@org.mongodb.morphia.annotations.Property(value=cg_ids, concreteClass=class java.lang.Object)}, ce_type ( type:String, single:true); {interface org.mongodb.morphia.annotations.Property=@org.mongodb.morphia.annotations.Property(value=ce_type, concreteClass=class java.lang.Object)}, imports ( type:List, multiple:true, subtype:class java.lang.String, collection:true); {}, start_line ( type:int, single:true); {interface org.mongodb.morphia.annotations.Property=@org.mongodb.morphia.annotations.Property(value=start_line, concreteClass=class java.lang.Object)}, end_line ( type:int, single:true); {interface org.mongodb.morphia.annotations.Property=@org.mongodb.morphia.annotations.Property(value=end_line, concreteClass=class java.lang.Object)}, start_column ( type:int, single:true); {interface org.mongodb.morphia.annotations.Property=@org.mongodb.morphia.annotations.Property(value=start_column, concreteClass=class java.lang.Object)}, end_column ( type:int, single:true); {interface org.mongodb.morphia.annotations.Property=@org.mongodb.morphia.annotations.Property(value=end_column, concreteClass=class java.lang.Object)}, metrics ( type:Map, multiple:true, subtype:class java.lang.Double, map:true, map-key:String); {}]
&amp#27;[m&amp#27;[32m2018-07-19 16:39:08,684 [main] DEBUG org.mongodb.morphia.mapping.MappedClass - MappedClass done: MappedClass - kind:mynbou_data for de.ugoe.cs.smartshark.model.MynbouData fields:[_id ( type:ObjectId, single:true); {interface org.mongodb.morphia.annotations.Property=@org.mongodb.morphia.annotations.Property(value=_id, concreteClass=class java.lang.Object), interface org.mongodb.morphia.annotations.Id=@org.mongodb.morphia.annotations.Id()}, vcs_system_id ( type:ObjectId, single:true); {interface org.mongodb.morphia.annotations.Property=@org.mongodb.morphia.annotations.Property(value=vcs_system_id, concreteClass=class java.lang.Object)}, name ( type:String, single:true); {}, path_approach ( type:String, single:true); {interface org.mongodb.morphia.annotations.Property=@org.mongodb.morphia.annotations.Property(value=path_approach, concreteClass=class java.lang.Object)}, bugfix_label ( type:String, single:true); {interface org.mongodb.morphia.annotations.Property=@org.mongodb.morphia.annotations.Property(value=bugfix_label, concreteClass=class java.lang.Object)}, metric_approach ( type:String, single:true); {interface org.mongodb.morphia.annotations.Property=@org.mongodb.morphia.annotations.Property(value=metric_approach, concreteClass=class java.lang.Object)}, last_updated ( type:Date, single:true); {interface org.mongodb.morphia.annotations.Property=@org.mongodb.morphia.annotations.Property(value=last_updated, concreteClass=class java.lang.Object)}]
&amp#27;[m&amp#27;[32m2018-07-19 16:39:08,685 [main] DEBUG org.mongodb.morphia.mapping.MappedClass - MappedClass done: MappedClass - kind:issue_comment for de.ugoe.cs.smartshark.model.IssueComment fields:[_id ( type:ObjectId, single:true); {interface org.mongodb.morphia.annotations.Property=@org.mongodb.morphia.annotations.Property(value=_id, concreteClass=class java.lang.Object), interface org.mongodb.morphia.annotations.Id=@org.mongodb.morphia.annotations.Id()}, external_id ( type:String, single:true); {interface org.mongodb.morphia.annotations.Property=@org.mongodb.morphia.annotations.Property(value=external_id, concreteClass=class java.lang.Object)}, issue_id ( type:ObjectId, single:true); {interface org.mongodb.morphia.annotations.Property=@org.mongodb.morphia.annotations.Property(value=issue_id, concreteClass=class java.lang.Object)}, created_at ( type:Date, single:true); {interface org.mongodb.morphia.annotations.Property=@org.mongodb.morphia.annotations.Property(value=created_at, concreteClass=class java.lang.Object)}, comment ( type:String, single:true); {}, author_id ( type:ObjectId, single:true); {interface org.mongodb.morphia.annotations.Property=@org.mongodb.morphia.annotations.Property(value=author_id, concreteClass=class java.lang.Object)}]
&amp#27;[m&amp#27;[32m2018-07-19 16:39:08,686 [main] DEBUG org.mongodb.morphia.mapping.MappedClass - MappedClass done: MappedClass - kind:project for de.ugoe.cs.smartshark.model.Project fields:[_id ( type:ObjectId, single:true); {interface org.mongodb.morphia.annotations.Property=@org.mongodb.morphia.annotations.Property(value=_id, concreteClass=class java.lang.Object), interface org.mongodb.morphia.annotations.Id=@org.mongodb.morphia.annotations.Id()}, name ( type:String, single:true); {}]
&amp#27;[m&amp#27;[32m2018-07-19 16:39:08,686 [main] DEBUG org.mongodb.morphia.mapping.MappedClass - MappedClass done: MappedClass - kind:vcs_system for de.ugoe.cs.smartshark.model.VCSSystem fields:[_id ( type:ObjectId, single:true); {interface org.mongodb.morphia.annotations.Property=@org.mongodb.morphia.annotations.Property(value=_id, concreteClass=class java.lang.Object), interface org.mongodb.morphia.annotations.Id=@org.mongodb.morphia.annotations.Id()}, url ( type:String, single:true); {}, repository_type ( type:String, single:true); {interface org.mongodb.morphia.annotations.Property=@org.mongodb.morphia.annotations.Property(value=repository_type, concreteClass=class java.lang.Object)}, project_id ( type:ObjectId, single:true); {interface org.mongodb.morphia.annotations.Property=@org.mongodb.morphia.annotations.Property(value=project_id, concreteClass=class java.lang.Object)}, last_updated ( type:Date, single:true); {interface org.mongodb.morphia.annotations.Property=@org.mongodb.morphia.annotations.Property(value=last_updated, concreteClass=class java.lang.Object)}]
&amp#27;[m&amp#27;[32m2018-07-19 16:39:08,687 [main] DEBUG org.mongodb.morphia.mapping.MappedClass - MappedClass done: MappedClass - kind:clone_instance for de.ugoe.cs.smartshark.model.CloneInstance fields:[_id ( type:ObjectId, single:true); {interface org.mongodb.morphia.annotations.Property=@org.mongodb.morphia.annotations.Property(value=_id, concreteClass=class java.lang.Object), interface org.mongodb.morphia.annotations.Id=@org.mongodb.morphia.annotations.Id()}, name ( type:String, single:true); {}, commit_id ( type:ObjectId, single:true); {interface org.mongodb.morphia.annotations.Property=@org.mongodb.morphia.annotations.Property(value=commit_id, concreteClass=class java.lang.Object)}, file_id ( type:ObjectId, single:true); {interface org.mongodb.morphia.annotations.Property=@org.mongodb.morphia.annotations.Property(value=file_id, concreteClass=class java.lang.Object)}, start_line ( type:int, single:true); {interface org.mongodb.morphia.annotations.Property=@org.mongodb.morphia.annotations.Property(value=start_line, concreteClass=class java.lang.Object)}, end_line ( type:int, single:true); {interface org.mongodb.morphia.annotations.Property=@org.mongodb.morphia.annotations.Property(value=end_line, concreteClass=class java.lang.Object)}, start_column ( type:int, single:true); {interface org.mongodb.morphia.annotations.Property=@org.mongodb.morphia.annotations.Property(value=start_column, concreteClass=class java.lang.Object)}, end_column ( type:int, single:true); {interface org.mongodb.morphia.annotations.Property=@org.mongodb.morphia.annotations.Property(value=end_column, concreteClass=class java.lang.Object)}, clone_instance_metrics ( type:Map, multiple:true, subtype:class java.lang.Double, map:true, map-key:String); {interface org.mongodb.morphia.annotations.Property=@org.mongodb.morphia.annotations.Property(value=clone_instance_metrics, concreteClass=class java.lang.Object)}, clone_class ( type:String, single:true); {interface org.mongodb.morphia.annotations.Property=@org.mongodb.morphia.annotations.Property(value=clone_class, concreteClass=class java.lang.Object)}, clone_class_metrics ( type:Map, multiple:true, subtype:class java.lang.Double, map:true, map-key:String); {interface org.mongodb.morphia.annotations.Property=@org.mongodb.morphia.annotations.Property(value=clone_class_metrics, concreteClass=class java.lang.Object)}]
&amp#27;[m&amp#27;[32m2018-07-19 16:39:08,689 [main] DEBUG org.mongodb.morphia.mapping.MappedClass - MappedClass done: MappedClass - kind:issue for de.ugoe.cs.smartshark.model.Issue fields:[_id ( type:ObjectId, single:true); {interface org.mongodb.morphia.annotations.Property=@org.mongodb.morphia.annotations.Property(value=_id, concreteClass=class java.lang.Object), interface org.mongodb.morphia.annotations.Id=@org.mongodb.morphia.annotations.Id()}, external_id ( type:String, single:true); {interface org.mongodb.morphia.annotations.Property=@org.mongodb.morphia.annotations.Property(value=external_id, concreteClass=class java.lang.Object)}, issue_system_id ( type:ObjectId, single:true); {interface org.mongodb.morphia.annotations.Property=@org.mongodb.morphia.annotations.Property(value=issue_system_id, concreteClass=class java.lang.Object)}, title ( type:String, single:true); {}, desc ( type:String, single:true); {}, created_at ( type:Date, single:true); {interface org.mongodb.morphia.annotations.Property=@org.mongodb.morphia.annotations.Property(value=created_at, concreteClass=class java.lang.Object)}, updated_at ( type:Date, single:true); {interface org.mongodb.morphia.annotations.Property=@org.mongodb.morphia.annotations.Property(value=updated_at, concreteClass=class java.lang.Object)}, creator_id ( type:ObjectId, single:true); {interface org.mongodb.morphia.annotations.Property=@org.mongodb.morphia.annotations.Property(value=creator_id, concreteClass=class java.lang.Object)}, reporter_id ( type:ObjectId, single:true); {interface org.mongodb.morphia.annotations.Property=@org.mongodb.morphia.annotations.Property(value=reporter_id, concreteClass=class java.lang.Object)}, issue_type ( type:String, single:true); {interface org.mongodb.morphia.annotations.Property=@org.mongodb.morphia.annotations.Property(value=issue_type, concreteClass=class java.lang.Object)}, priority ( type:String, single:true); {}, status ( type:String, single:true); {}, affects_versions ( type:List, multiple:true, subtype:class java.lang.String, collection:true); {interface org.mongodb.morphia.annotations.Property=@org.mongodb.morphia.annotations.Property(value=affects_versions, concreteClass=class java.lang.Object)}, components ( type:List, multiple:true, subtype:class java.lang.String, collection:true); {}, labels ( type:List, multiple:true, subtype:class java.lang.String, collection:true); {}, resolution ( type:String, single:true); {}, fix_versions ( type:List, multiple:true, subtype:class java.lang.String, collection:true); {interface org.mongodb.morphia.annotations.Property=@org.mongodb.morphia.annotations.Property(value=fix_versions, concreteClass=class java.lang.Object)}, assignee_id ( type:ObjectId, single:true); {interface org.mongodb.morphia.annotations.Property=@org.mongodb.morphia.annotations.Property(value=assignee_id, concreteClass=class java.lang.Object)}, issue_links ( type:List, multiple:true, subtype:interface java.util.Map, collection:true); {interface org.mongodb.morphia.annotations.Property=@org.mongodb.morphia.annotations.Property(value=issue_links, concreteClass=class java.lang.Object)}, parent_issue_id ( type:ObjectId, single:true); {interface org.mongodb.morphia.annotations.Property=@org.mongodb.morphia.annotations.Property(value=parent_issue_id, concreteClass=class java.lang.Object)}, original_time_estimate ( type:Integer, single:true); {interface org.mongodb.morphia.annotations.Property=@org.mongodb.morphia.annotations.Property(value=original_time_estimate, concreteClass=class java.lang.Object)}, environment ( type:String, single:true); {}, platform ( type:String, single:true); {}]
&amp#27;[m&amp#27;[32m2018-07-19 16:39:08,690 [main] DEBUG org.mongodb.morphia.mapping.MappedClass - MappedClass done: MappedClass - kind:commit_changes for de.ugoe.cs.smartshark.model.CommitChanges fields:[_id ( type:ObjectId, single:true); {interface org.mongodb.morphia.annotations.Property=@org.mongodb.morphia.annotations.Property(value=_id, concreteClass=class java.lang.Object), interface org.mongodb.morphia.annotations.Id=@org.mongodb.morphia.annotations.Id()}, old_commit_id ( type:ObjectId, single:true); {interface org.mongodb.morphia.annotations.Property=@org.mongodb.morphia.annotations.Property(value=old_commit_id, concreteClass=class java.lang.Object)}, new_commit_id ( type:ObjectId, single:true); {interface org.mongodb.morphia.annotations.Property=@org.mongodb.morphia.annotations.Property(value=new_commit_id, concreteClass=class java.lang.Object)}, classification ( type:Map, multiple:true, subtype:interface java.util.Map, map:true, map-key:ObjectId); {}]
&amp#27;[m&amp#27;[32m2018-07-19 16:39:08,691 [main] DEBUG org.mongodb.morphia.mapping.MappedClass - MappedClass done: MappedClass - kind:event for de.ugoe.cs.smartshark.model.Event fields:[_id ( type:ObjectId, single:true); {interface org.mongodb.morphia.annotations.Property=@org.mongodb.morphia.annotations.Property(value=_id, concreteClass=class java.lang.Object), interface org.mongodb.morphia.annotations.Id=@org.mongodb.morphia.annotations.Id()}, external_id ( type:String, single:true); {interface org.mongodb.morphia.annotations.Property=@org.mongodb.morphia.annotations.Property(value=external_id, concreteClass=class java.lang.Object)}, issue_id ( type:ObjectId, single:true); {interface org.mongodb.morphia.annotations.Property=@org.mongodb.morphia.annotations.Property(value=issue_id, concreteClass=class java.lang.Object)}, created_at ( type:Date, single:true); {interface org.mongodb.morphia.annotations.Property=@org.mongodb.morphia.annotations.Property(value=created_at, concreteClass=class java.lang.Object)}, status ( type:String, single:true); {}, author_id ( type:ObjectId, single:true); {interface org.mongodb.morphia.annotations.Property=@org.mongodb.morphia.annotations.Property(value=author_id, concreteClass=class java.lang.Object)}, old_value ( type:String, single:true); {interface org.mongodb.morphia.annotations.Property=@org.mongodb.morphia.annotations.Property(value=old_value, concreteClass=class java.lang.Object)}, new_value ( type:String, single:true); {interface org.mongodb.morphia.annotations.Property=@org.mongodb.morphia.annotations.Property(value=new_value, concreteClass=class java.lang.Object)}]
&amp#27;[m&amp#27;[32m2018-07-19 16:39:08,692 [main] DEBUG org.mongodb.morphia.mapping.MappedClass - MappedClass done: MappedClass - kind:message for de.ugoe.cs.smartshark.model.Message fields:[_id ( type:ObjectId, single:true); {interface org.mongodb.morphia.annotations.Property=@org.mongodb.morphia.annotations.Property(value=_id, concreteClass=class java.lang.Object), interface org.mongodb.morphia.annotations.Id=@org.mongodb.morphia.annotations.Id()}, message_id ( type:String, single:true); {interface org.mongodb.morphia.annotations.Property=@org.mongodb.morphia.annotations.Property(value=message_id, concreteClass=class java.lang.Object)}, mailing_list_id ( type:ObjectId, single:true); {interface org.mongodb.morphia.annotations.Property=@org.mongodb.morphia.annotations.Property(value=mailing_list_id, concreteClass=class java.lang.Object)}, reference_ids ( type:List, multiple:true, subtype:class org.bson.types.ObjectId, collection:true); {interface org.mongodb.morphia.annotations.Property=@org.mongodb.morphia.annotations.Property(value=reference_ids, concreteClass=class java.lang.Object)}, in_reply_to_id ( type:ObjectId, single:true); {interface org.mongodb.morphia.annotations.Property=@org.mongodb.morphia.annotations.Property(value=in_reply_to_id, concreteClass=class java.lang.Object)}, from_id ( type:ObjectId, single:true); {interface org.mongodb.morphia.annotations.Property=@org.mongodb.morphia.annotations.Property(value=from_id, concreteClass=class java.lang.Object)}, to_ids ( type:List, multiple:true, subtype:class org.bson.types.ObjectId, collection:true); {interface org.mongodb.morphia.annotations.Property=@org.mongodb.morphia.annotations.Property(value=to_ids, concreteClass=class java.lang.Object)}, cc_ids ( type:List, multiple:true, subtype:class org.bson.types.ObjectId, collection:true); {interface org.mongodb.morphia.annotations.Property=@org.mongodb.morphia.annotations.Property(value=cc_ids, concreteClass=class java.lang.Object)}, subject ( type:String, single:true); {}, body ( type:String, single:true); {}, date ( type:Date, single:true); {}, patches ( type:List, multiple:true, subtype:class java.lang.String, collection:true); {}]
&amp#27;[m&amp#27;[32m2018-07-19 16:39:08,694 [main] DEBUG org.mongodb.morphia.mapping.MappedClass - MappedClass done: MappedClass - kind:issue_system for de.ugoe.cs.smartshark.model.IssueSystem fields:[_id ( type:ObjectId, single:true); {interface org.mongodb.morphia.annotations.Property=@org.mongodb.morphia.annotations.Property(value=_id, concreteClass=class java.lang.Object), interface org.mongodb.morphia.annotations.Id=@org.mongodb.morphia.annotations.Id()}, url ( type:String, single:true); {}, project_id ( type:ObjectId, single:true); {interface org.mongodb.morphia.annotations.Property=@org.mongodb.morphia.annotations.Property(value=project_id, concreteClass=class java.lang.Object)}, last_updated ( type:Date, single:true); {interface org.mongodb.morphia.annotations.Property=@org.mongodb.morphia.annotations.Property(value=last_updated, concreteClass=class java.lang.Object)}]
&amp#27;[m&amp#27;[32m2018-07-19 16:39:08,695 [main] DEBUG org.mongodb.morphia.mapping.MappedClass - MappedClass done: MappedClass - kind:identity for de.ugoe.cs.smartshark.model.Identity fields:[_id ( type:ObjectId, single:true); {interface org.mongodb.morphia.annotations.Property=@org.mongodb.morphia.annotations.Property(value=_id, concreteClass=class java.lang.Object), interface org.mongodb.morphia.annotations.Id=@org.mongodb.morphia.annotations.Id()}, people ( type:List, multiple:true, subtype:class org.bson.types.ObjectId, collection:true); {interface org.mongodb.morphia.annotations.Property=@org.mongodb.morphia.annotations.Property(value=people, concreteClass=class java.lang.Object)}]
&amp#27;[m&amp#27;[32m2018-07-19 16:39:08,696 [main] DEBUG org.mongodb.morphia.mapping.MappedClass - MappedClass done: MappedClass - kind:hunk for de.ugoe.cs.smartshark.model.Hunk fields:[_id ( type:ObjectId, single:true); {interface org.mongodb.morphia.annotations.Property=@org.mongodb.morphia.annotations.Property(value=_id, concreteClass=class java.lang.Object), interface org.mongodb.morphia.annotations.Id=@org.mongodb.morphia.annotations.Id()}, file_action_id ( type:ObjectId, single:true); {interface org.mongodb.morphia.annotations.Property=@org.mongodb.morphia.annotations.Property(value=file_action_id, concreteClass=class java.lang.Object)}, new_start ( type:Integer, single:true); {interface org.mongodb.morphia.annotations.Property=@org.mongodb.morphia.annotations.Property(value=new_start, concreteClass=class java.lang.Object)}, new_lines ( type:Integer, single:true); {interface org.mongodb.morphia.annotations.Property=@org.mongodb.morphia.annotations.Property(value=new_lines, concreteClass=class java.lang.Object)}, old_start ( type:Integer, single:true); {interface org.mongodb.morphia.annotations.Property=@org.mongodb.morphia.annotations.Property(value=old_start, concreteClass=class java.lang.Object)}, old_lines ( type:Integer, single:true); {interface org.mongodb.morphia.annotations.Property=@org.mongodb.morphia.annotations.Property(value=old_lines, concreteClass=class java.lang.Object)}, content ( type:String, single:true); {}]
&amp#27;[m&amp#27;[32m2018-07-19 16:39:08,697 [main] DEBUG de.ugoe.cs.smartshark.SmartSHARKAdapter - Connecting to database...
&amp#27;[m&amp#27;[32m2018-07-19 16:39:08,713 [main] DEBUG org.mongodb.morphia.mapping.MappedClass - MappedClass done: MappedClass - kind:MutationResult for de.ugoe.cs.smartshark.model.MutationResult fields:[mutation_id ( type:ObjectId, single:true); {interface org.mongodb.morphia.annotations.Property=@org.mongodb.morphia.annotations.Property(value=mutation_id, concreteClass=class java.lang.Object)}, result ( type:String, single:true); {}]
&amp#27;[m&amp#27;[32m2018-07-19 16:39:08,714 [main] DEBUG org.mongodb.morphia.mapping.MappedClass - MappedClass done: MappedClass - kind:TravisJob for de.ugoe.cs.smartshark.model.TravisJob fields:[_id ( type:ObjectId, single:true); {interface org.mongodb.morphia.annotations.Property=@org.mongodb.morphia.annotations.Property(value=_id, concreteClass=class java.lang.Object), interface org.mongodb.morphia.annotations.Id=@org.mongodb.morphia.annotations.Id()}, tr_id ( type:Integer, single:true); {interface org.mongodb.morphia.annotations.Property=@org.mongodb.morphia.annotations.Property(value=tr_id, concreteClass=class java.lang.Object)}, allow_failure ( type:Boolean, single:true); {interface org.mongodb.morphia.annotations.Property=@org.mongodb.morphia.annotations.Property(value=allow_failure, concreteClass=class java.lang.Object)}, number ( type:String, single:true); {}, state ( type:String, single:true); {}, started_at ( type:Date, single:true); {interface org.mongodb.morphia.annotations.Property=@org.mongodb.morphia.annotations.Property(value=started_at, concreteClass=class java.lang.Object)}, finished_at ( type:Date, single:true); {interface org.mongodb.morphia.annotations.Property=@org.mongodb.morphia.annotations.Property(value=finished_at, concreteClass=class java.lang.Object)}, stages ( type:List, multiple:true, subtype:class java.lang.String, collection:true); {}, metrics ( type:Map, multiple:true, subtype:class java.lang.String, map:true, map-key:String); {}, config ( type:Map, multiple:true, subtype:class java.lang.String, map:true, map-key:String); {}]
&amp#27;[m&amp#27;[32m2018-07-19 16:39:08,721 [main] DEBUG org.mongodb.morphia.mapping.MappedClass - MappedClass done: MappedClass - kind:RefactoringState for de.ugoe.cs.smartshark.model.RefactoringState fields:[parent_ce_before ( type:ObjectId, single:true); {interface org.mongodb.morphia.annotations.Property=@org.mongodb.morphia.annotations.Property(value=parent_ce_before, concreteClass=class java.lang.Object)}, parent_ce_after ( type:ObjectId, single:true); {interface org.mongodb.morphia.annotations.Property=@org.mongodb.morphia.annotations.Property(value=parent_ce_after, concreteClass=class java.lang.Object)}, ce_before ( type:ObjectId, single:true); {interface org.mongodb.morphia.annotations.Property=@org.mongodb.morphia.annotations.Property(value=ce_before, concreteClass=class java.lang.Object)}, ce_after ( type:ObjectId, single:true); {interface org.mongodb.morphia.annotations.Property=@org.mongodb.morphia.annotations.Property(value=ce_after, concreteClass=class java.lang.Object)}]
&amp#27;[m&amp#27;[32m2018-07-19 16:39:08,723 [main] DEBUG org.mongodb.morphia.mapping.MappedClass - MappedClass done: MappedClass - kind:Map for java.util.Map fields:[]
&amp#27;[m]]></system-out>
  </testcase>
  <testcase name="Test mechanism" classname="Test mechanism" time="0.262">
    <error type="java.lang.NullPointerException">java.lang.NullPointerException
</error>
  </testcase>
  <testcase name="Test mechanism" classname="Test mechanism" time="0.002">
    <error type="java.lang.NullPointerException">java.lang.NullPointerException
</error>
    <system-out><![CDATA[&amp#27;[32m2018-07-19 16:39:09,008 [main] DEBUG org.mongodb.morphia.mapping.MappedClass - MappedClass done: MappedClass - kind:mailing_list for de.ugoe.cs.smartshark.model.MailingList fields:[_id ( type:ObjectId, single:true); {interface org.mongodb.morphia.annotations.Property=@org.mongodb.morphia.annotations.Property(value=_id, concreteClass=class java.lang.Object), interface org.mongodb.morphia.annotations.Id=@org.mongodb.morphia.annotations.Id()}, project_id ( type:ObjectId, single:true); {interface org.mongodb.morphia.annotations.Property=@org.mongodb.morphia.annotations.Property(value=project_id, concreteClass=class java.lang.Object)}, last_updated ( type:Date, single:true); {interface org.mongodb.morphia.annotations.Property=@org.mongodb.morphia.annotations.Property(value=last_updated, concreteClass=class java.lang.Object)}, name ( type:String, single:true); {}]
&amp#27;[m&amp#27;[32m2018-07-19 16:39:09,009 [main] DEBUG org.mongodb.morphia.mapping.MappedClass - MappedClass done: MappedClass - kind:refactoring for de.ugoe.cs.smartshark.model.Refactoring fields:[_id ( type:ObjectId, single:true); {interface org.mongodb.morphia.annotations.Property=@org.mongodb.morphia.annotations.Property(value=_id, concreteClass=class java.lang.Object), interface org.mongodb.morphia.annotations.Id=@org.mongodb.morphia.annotations.Id()}, commit_id ( type:ObjectId, single:true); {interface org.mongodb.morphia.annotations.Property=@org.mongodb.morphia.annotations.Property(value=commit_id, concreteClass=class java.lang.Object)}, type ( type:String, single:true); {}, description ( type:String, single:true); {}, ce_state ( type:RefactoringState, single:true); {interface org.mongodb.morphia.annotations.Embedded=@org.mongodb.morphia.annotations.Embedded(value=ce_state, concreteClass=class java.lang.Object)}, parent_commit_ce_states ( type:List, multiple:true, subtype:class de.ugoe.cs.smartshark.model.RefactoringState, collection:true); {interface org.mongodb.morphia.annotations.Embedded=@org.mongodb.morphia.annotations.Embedded(value=parent_commit_ce_states, concreteClass=class java.lang.Object)}]
&amp#27;[m&amp#27;[32m2018-07-19 16:39:09,010 [main] DEBUG org.mongodb.morphia.mapping.MappedClass - MappedClass done: MappedClass - kind:mutation for de.ugoe.cs.smartshark.model.Mutation fields:[_id ( type:ObjectId, single:true); {interface org.mongodb.morphia.annotations.Property=@org.mongodb.morphia.annotations.Property(value=_id, concreteClass=class java.lang.Object), interface org.mongodb.morphia.annotations.Id=@org.mongodb.morphia.annotations.Id()}, m_type ( type:String, single:true); {interface org.mongodb.morphia.annotations.Property=@org.mongodb.morphia.annotations.Property(value=m_type, concreteClass=class java.lang.Object)}, location ( type:String, single:true); {}, l_num ( type:Integer, single:true); {interface org.mongodb.morphia.annotations.Property=@org.mongodb.morphia.annotations.Property(value=l_num, concreteClass=class java.lang.Object)}, classification ( type:String, single:true); {}]
&amp#27;[m&amp#27;[32m2018-07-19 16:39:09,010 [main] DEBUG org.mongodb.morphia.mapping.MappedClass - MappedClass done: MappedClass - kind:tag for de.ugoe.cs.smartshark.model.Tag fields:[_id ( type:ObjectId, single:true); {interface org.mongodb.morphia.annotations.Property=@org.mongodb.morphia.annotations.Property(value=_id, concreteClass=class java.lang.Object), interface org.mongodb.morphia.annotations.Id=@org.mongodb.morphia.annotations.Id()}, name ( type:String, single:true); {}, commit_id ( type:ObjectId, single:true); {interface org.mongodb.morphia.annotations.Property=@org.mongodb.morphia.annotations.Property(value=commit_id, concreteClass=class java.lang.Object)}, vcs_system_id ( type:ObjectId, single:true); {interface org.mongodb.morphia.annotations.Property=@org.mongodb.morphia.annotations.Property(value=vcs_system_id, concreteClass=class java.lang.Object)}, message ( type:String, single:true); {}, tagger_id ( type:ObjectId, single:true); {interface org.mongodb.morphia.annotations.Property=@org.mongodb.morphia.annotations.Property(value=tagger_id, concreteClass=class java.lang.Object)}, date ( type:Date, single:true); {}, date_offset ( type:Integer, single:true); {interface org.mongodb.morphia.annotations.Property=@org.mongodb.morphia.annotations.Property(value=date_offset, concreteClass=class java.lang.Object)}]
&amp#27;[m&amp#27;[32m2018-07-19 16:39:09,011 [main] DEBUG org.mongodb.morphia.mapping.MappedClass - MappedClass done: MappedClass - kind:travis_build for de.ugoe.cs.smartshark.model.TravisBuild fields:[_id ( type:ObjectId, single:true); {interface org.mongodb.morphia.annotations.Property=@org.mongodb.morphia.annotations.Property(value=_id, concreteClass=class java.lang.Object), interface org.mongodb.morphia.annotations.Id=@org.mongodb.morphia.annotations.Id()}, tr_id ( type:Integer, single:true); {interface org.mongodb.morphia.annotations.Property=@org.mongodb.morphia.annotations.Property(value=tr_id, concreteClass=class java.lang.Object)}, vcs_system_id ( type:ObjectId, single:true); {interface org.mongodb.morphia.annotations.Property=@org.mongodb.morphia.annotations.Property(value=vcs_system_id, concreteClass=class java.lang.Object)}, commit_id ( type:ObjectId, single:true); {interface org.mongodb.morphia.annotations.Property=@org.mongodb.morphia.annotations.Property(value=commit_id, concreteClass=class java.lang.Object)}, number ( type:Integer, single:true); {}, state ( type:String, single:true); {}, duration ( type:Long, single:true); {}, event_type ( type:String, single:true); {interface org.mongodb.morphia.annotations.Property=@org.mongodb.morphia.annotations.Property(value=event_type, concreteClass=class java.lang.Object)}, pr_number ( type:Integer, single:true); {interface org.mongodb.morphia.annotations.Property=@org.mongodb.morphia.annotations.Property(value=pr_number, concreteClass=class java.lang.Object)}, started_at ( type:Date, single:true); {interface org.mongodb.morphia.annotations.Property=@org.mongodb.morphia.annotations.Property(value=started_at, concreteClass=class java.lang.Object)}, finished_at ( type:Date, single:true); {interface org.mongodb.morphia.annotations.Property=@org.mongodb.morphia.annotations.Property(value=finished_at, concreteClass=class java.lang.Object)}, stages ( type:List, multiple:true, subtype:class java.lang.String, collection:true); {}, jobs ( type:List, multiple:true, subtype:class de.ugoe.cs.smartshark.model.TravisJob, collection:true); {interface org.mongodb.morphia.annotations.Embedded=@org.mongodb.morphia.annotations.Embedded(value=jobs, concreteClass=class java.lang.Object)}]
&amp#27;[m&amp#27;[32m2018-07-19 16:39:09,012 [main] DEBUG org.mongodb.morphia.mapping.MappedClass - MappedClass done: MappedClass - kind:code_group_state for de.ugoe.cs.smartshark.model.CodeGroupState fields:[_id ( type:ObjectId, single:true); {interface org.mongodb.morphia.annotations.Property=@org.mongodb.morphia.annotations.Property(value=_id, concreteClass=class java.lang.Object), interface org.mongodb.morphia.annotations.Id=@org.mongodb.morphia.annotations.Id()}, s_key ( type:String, single:true); {interface org.mongodb.morphia.annotations.Property=@org.mongodb.morphia.annotations.Property(value=s_key, concreteClass=class java.lang.Object)}, long_name ( type:String, single:true); {interface org.mongodb.morphia.annotations.Property=@org.mongodb.morphia.annotations.Property(value=long_name, concreteClass=class java.lang.Object)}, commit_id ( type:ObjectId, single:true); {interface org.mongodb.morphia.annotations.Property=@org.mongodb.morphia.annotations.Property(value=commit_id, concreteClass=class java.lang.Object)}, cg_parent_ids ( type:List, multiple:true, subtype:class org.bson.types.ObjectId, collection:true); {interface org.mongodb.morphia.annotations.Property=@org.mongodb.morphia.annotations.Property(value=cg_parent_ids, concreteClass=class java.lang.Object)}, cg_type ( type:String, single:true); {interface org.mongodb.morphia.annotations.Property=@org.mongodb.morphia.annotations.Property(value=cg_type, concreteClass=class java.lang.Object)}, metrics ( type:Map, multiple:true, subtype:class java.lang.Double, map:true, map-key:String); {}]
&amp#27;[m&amp#27;[32m2018-07-19 16:39:09,013 [main] DEBUG org.mongodb.morphia.mapping.MappedClass - MappedClass done: MappedClass - kind:people for de.ugoe.cs.smartshark.model.People fields:[_id ( type:ObjectId, single:true); {interface org.mongodb.morphia.annotations.Property=@org.mongodb.morphia.annotations.Property(value=_id, concreteClass=class java.lang.Object), interface org.mongodb.morphia.annotations.Id=@org.mongodb.morphia.annotations.Id()}, email ( type:String, single:true); {}, name ( type:String, single:true); {}, username ( type:String, single:true); {}]
&amp#27;[m&amp#27;[32m2018-07-19 16:39:09,014 [main] DEBUG org.mongodb.morphia.mapping.MappedClass - MappedClass done: MappedClass - kind:file for de.ugoe.cs.smartshark.model.File fields:[_id ( type:ObjectId, single:true); {interface org.mongodb.morphia.annotations.Property=@org.mongodb.morphia.annotations.Property(value=_id, concreteClass=class java.lang.Object), interface org.mongodb.morphia.annotations.Id=@org.mongodb.morphia.annotations.Id()}, vcs_system_id ( type:ObjectId, single:true); {interface org.mongodb.morphia.annotations.Property=@org.mongodb.morphia.annotations.Property(value=vcs_system_id, concreteClass=class java.lang.Object)}, path ( type:String, single:true); {}]
&amp#27;[m&amp#27;[32m2018-07-19 16:39:09,015 [main] DEBUG org.mongodb.morphia.mapping.MappedClass - MappedClass done: MappedClass - kind:test_state for de.ugoe.cs.smartshark.model.TestState fields:[_id ( type:ObjectId, single:true); {interface org.mongodb.morphia.annotations.Property=@org.mongodb.morphia.annotations.Property(value=_id, concreteClass=class java.lang.Object), interface org.mongodb.morphia.annotations.Id=@org.mongodb.morphia.annotations.Id()}, name ( type:String, single:true); {}, file_id ( type:ObjectId, single:true); {interface org.mongodb.morphia.annotations.Property=@org.mongodb.morphia.annotations.Property(value=file_id, concreteClass=class java.lang.Object)}, commit_id ( type:ObjectId, single:true); {interface org.mongodb.morphia.annotations.Property=@org.mongodb.morphia.annotations.Property(value=commit_id, concreteClass=class java.lang.Object)}, metrics ( type:Map, multiple:true, subtype:class java.lang.String, map:true, map-key:String); {}, mutation_res ( type:Set, multiple:true, subtype:class de.ugoe.cs.smartshark.model.MutationResult, set:true, collection:true); {interface org.mongodb.morphia.annotations.Embedded=@org.mongodb.morphia.annotations.Embedded(value=mutation_res, concreteClass=class java.lang.Object)}]
&amp#27;[m&amp#27;[32m2018-07-19 16:39:09,016 [main] DEBUG org.mongodb.morphia.mapping.MappedClass - MappedClass done: MappedClass - kind:file_action for de.ugoe.cs.smartshark.model.FileAction fields:[_id ( type:ObjectId, single:true); {interface org.mongodb.morphia.annotations.Property=@org.mongodb.morphia.annotations.Property(value=_id, concreteClass=class java.lang.Object), interface org.mongodb.morphia.annotations.Id=@org.mongodb.morphia.annotations.Id()}, file_id ( type:ObjectId, single:true); {interface org.mongodb.morphia.annotations.Property=@org.mongodb.morphia.annotations.Property(value=file_id, concreteClass=class java.lang.Object)}, commit_id ( type:ObjectId, single:true); {interface org.mongodb.morphia.annotations.Property=@org.mongodb.morphia.annotations.Property(value=commit_id, concreteClass=class java.lang.Object)}, mode ( type:String, single:true); {}, size_at_commit ( type:Integer, single:true); {interface org.mongodb.morphia.annotations.Property=@org.mongodb.morphia.annotations.Property(value=size_at_commit, concreteClass=class java.lang.Object)}, lines_added ( type:Integer, single:true); {interface org.mongodb.morphia.annotations.Property=@org.mongodb.morphia.annotations.Property(value=lines_added, concreteClass=class java.lang.Object)}, lines_deleted ( type:Integer, single:true); {interface org.mongodb.morphia.annotations.Property=@org.mongodb.morphia.annotations.Property(value=lines_deleted, concreteClass=class java.lang.Object)}, is_binary ( type:Boolean, single:true); {interface org.mongodb.morphia.annotations.Property=@org.mongodb.morphia.annotations.Property(value=is_binary, concreteClass=class java.lang.Object)}, old_file_id ( type:ObjectId, single:true); {interface org.mongodb.morphia.annotations.Property=@org.mongodb.morphia.annotations.Property(value=old_file_id, concreteClass=class java.lang.Object)}]
&amp#27;[m&amp#27;[32m2018-07-19 16:39:09,017 [main] DEBUG org.mongodb.morphia.mapping.MappedClass - MappedClass done: MappedClass - kind:commit for de.ugoe.cs.smartshark.model.Commit fields:[_id ( type:ObjectId, single:true); {interface org.mongodb.morphia.annotations.Property=@org.mongodb.morphia.annotations.Property(value=_id, concreteClass=class java.lang.Object), interface org.mongodb.morphia.annotations.Id=@org.mongodb.morphia.annotations.Id()}, vcs_system_id ( type:ObjectId, single:true); {interface org.mongodb.morphia.annotations.Property=@org.mongodb.morphia.annotations.Property(value=vcs_system_id, concreteClass=class java.lang.Object)}, revision_hash ( type:String, single:true); {interface org.mongodb.morphia.annotations.Property=@org.mongodb.morphia.annotations.Property(value=revision_hash, concreteClass=class java.lang.Object)}, branches ( type:List, multiple:true, subtype:class java.lang.String, collection:true); {}, parents ( type:List, multiple:true, subtype:class java.lang.String, collection:true); {}, author_id ( type:ObjectId, single:true); {interface org.mongodb.morphia.annotations.Property=@org.mongodb.morphia.annotations.Property(value=author_id, concreteClass=class java.lang.Object)}, author_date ( type:Date, single:true); {interface org.mongodb.morphia.annotations.Property=@org.mongodb.morphia.annotations.Property(value=author_date, concreteClass=class java.lang.Object)}, author_date_offset ( type:int, single:true); {interface org.mongodb.morphia.annotations.Property=@org.mongodb.morphia.annotations.Property(value=author_date_offset, concreteClass=class java.lang.Object)}, committer_id ( type:ObjectId, single:true); {interface org.mongodb.morphia.annotations.Property=@org.mongodb.morphia.annotations.Property(value=committer_id, concreteClass=class java.lang.Object)}, committer_date ( type:Date, single:true); {interface org.mongodb.morphia.annotations.Property=@org.mongodb.morphia.annotations.Property(value=committer_date, concreteClass=class java.lang.Object)}, committer_date_offset ( type:int, single:true); {interface org.mongodb.morphia.annotations.Property=@org.mongodb.morphia.annotations.Property(value=committer_date_offset, concreteClass=class java.lang.Object)}, message ( type:String, single:true); {}, linked_issue_ids ( type:List, multiple:true, subtype:class org.bson.types.ObjectId, collection:true); {interface org.mongodb.morphia.annotations.Property=@org.mongodb.morphia.annotations.Property(value=linked_issue_ids, concreteClass=class java.lang.Object)}, labels ( type:Map, multiple:true, subtype:class java.lang.String, map:true, map-key:String); {}]
&amp#27;[m&amp#27;[32m2018-07-19 16:39:09,018 [main] DEBUG org.mongodb.morphia.mapping.MappedClass - MappedClass done: MappedClass - kind:code_entity_state for de.ugoe.cs.smartshark.model.CodeEntityState fields:[_id ( type:ObjectId, single:true); {interface org.mongodb.morphia.annotations.Property=@org.mongodb.morphia.annotations.Property(value=_id, concreteClass=class java.lang.Object), interface org.mongodb.morphia.annotations.Id=@org.mongodb.morphia.annotations.Id()}, s_key ( type:String, single:true); {interface org.mongodb.morphia.annotations.Property=@org.mongodb.morphia.annotations.Property(value=s_key, concreteClass=class java.lang.Object)}, long_name ( type:String, single:true); {interface org.mongodb.morphia.annotations.Property=@org.mongodb.morphia.annotations.Property(value=long_name, concreteClass=class java.lang.Object)}, commit_id ( type:ObjectId, single:true); {interface org.mongodb.morphia.annotations.Property=@org.mongodb.morphia.annotations.Property(value=commit_id, concreteClass=class java.lang.Object)}, file_id ( type:ObjectId, single:true); {interface org.mongodb.morphia.annotations.Property=@org.mongodb.morphia.annotations.Property(value=file_id, concreteClass=class java.lang.Object)}, linter ( type:List, multiple:true, subtype:interface java.util.Map, collection:true); {}, test_type ( type:Map, multiple:true, subtype:class java.lang.String, map:true, map-key:String); {interface org.mongodb.morphia.annotations.Property=@org.mongodb.morphia.annotations.Property(value=test_type, concreteClass=class java.lang.Object)}, ce_parent_id ( type:ObjectId, single:true); {interface org.mongodb.morphia.annotations.Property=@org.mongodb.morphia.annotations.Property(value=ce_parent_id, concreteClass=class java.lang.Object)}, cg_ids ( type:List, multiple:true, subtype:class org.bson.types.ObjectId, collection:true); {interface org.mongodb.morphia.annotations.Property=@org.mongodb.morphia.annotations.Property(value=cg_ids, concreteClass=class java.lang.Object)}, ce_type ( type:String, single:true); {interface org.mongodb.morphia.annotations.Property=@org.mongodb.morphia.annotations.Property(value=ce_type, concreteClass=class java.lang.Object)}, imports ( type:List, multiple:true, subtype:class java.lang.String, collection:true); {}, start_line ( type:int, single:true); {interface org.mongodb.morphia.annotations.Property=@org.mongodb.morphia.annotations.Property(value=start_line, concreteClass=class java.lang.Object)}, end_line ( type:int, single:true); {interface org.mongodb.morphia.annotations.Property=@org.mongodb.morphia.annotations.Property(value=end_line, concreteClass=class java.lang.Object)}, start_column ( type:int, single:true); {interface org.mongodb.morphia.annotations.Property=@org.mongodb.morphia.annotations.Property(value=start_column, concreteClass=class java.lang.Object)}, end_column ( type:int, single:true); {interface org.mongodb.morphia.annotations.Property=@org.mongodb.morphia.annotations.Property(value=end_column, concreteClass=class java.lang.Object)}, metrics ( type:Map, multiple:true, subtype:class java.lang.Double, map:true, map-key:String); {}]
&amp#27;[m&amp#27;[32m2018-07-19 16:39:09,019 [main] DEBUG org.mongodb.morphia.mapping.MappedClass - MappedClass done: MappedClass - kind:mynbou_data for de.ugoe.cs.smartshark.model.MynbouData fields:[_id ( type:ObjectId, single:true); {interface org.mongodb.morphia.annotations.Property=@org.mongodb.morphia.annotations.Property(value=_id, concreteClass=class java.lang.Object), interface org.mongodb.morphia.annotations.Id=@org.mongodb.morphia.annotations.Id()}, vcs_system_id ( type:ObjectId, single:true); {interface org.mongodb.morphia.annotations.Property=@org.mongodb.morphia.annotations.Property(value=vcs_system_id, concreteClass=class java.lang.Object)}, name ( type:String, single:true); {}, path_approach ( type:String, single:true); {interface org.mongodb.morphia.annotations.Property=@org.mongodb.morphia.annotations.Property(value=path_approach, concreteClass=class java.lang.Object)}, bugfix_label ( type:String, single:true); {interface org.mongodb.morphia.annotations.Property=@org.mongodb.morphia.annotations.Property(value=bugfix_label, concreteClass=class java.lang.Object)}, metric_approach ( type:String, single:true); {interface org.mongodb.morphia.annotations.Property=@org.mongodb.morphia.annotations.Property(value=metric_approach, concreteClass=class java.lang.Object)}, last_updated ( type:Date, single:true); {interface org.mongodb.morphia.annotations.Property=@org.mongodb.morphia.annotations.Property(value=last_updated, concreteClass=class java.lang.Object)}]
&amp#27;[m&amp#27;[32m2018-07-19 16:39:09,020 [main] DEBUG org.mongodb.morphia.mapping.MappedClass - MappedClass done: MappedClass - kind:issue_comment for de.ugoe.cs.smartshark.model.IssueComment fields:[_id ( type:ObjectId, single:true); {interface org.mongodb.morphia.annotations.Property=@org.mongodb.morphia.annotations.Property(value=_id, concreteClass=class java.lang.Object), interface org.mongodb.morphia.annotations.Id=@org.mongodb.morphia.annotations.Id()}, external_id ( type:String, single:true); {interface org.mongodb.morphia.annotations.Property=@org.mongodb.morphia.annotations.Property(value=external_id, concreteClass=class java.lang.Object)}, issue_id ( type:ObjectId, single:true); {interface org.mongodb.morphia.annotations.Property=@org.mongodb.morphia.annotations.Property(value=issue_id, concreteClass=class java.lang.Object)}, created_at ( type:Date, single:true); {interface org.mongodb.morphia.annotations.Property=@org.mongodb.morphia.annotations.Property(value=created_at, concreteClass=class java.lang.Object)}, comment ( type:String, single:true); {}, author_id ( type:ObjectId, single:true); {interface org.mongodb.morphia.annotations.Property=@org.mongodb.morphia.annotations.Property(value=author_id, concreteClass=class java.lang.Object)}]
&amp#27;[m&amp#27;[32m2018-07-19 16:39:09,020 [main] DEBUG org.mongodb.morphia.mapping.MappedClass - MappedClass done: MappedClass - kind:project for de.ugoe.cs.smartshark.model.Project fields:[_id ( type:ObjectId, single:true); {interface org.mongodb.morphia.annotations.Property=@org.mongodb.morphia.annotations.Property(value=_id, concreteClass=class java.lang.Object), interface org.mongodb.morphia.annotations.Id=@org.mongodb.morphia.annotations.Id()}, name ( type:String, single:true); {}]
&amp#27;[m&amp#27;[32m2018-07-19 16:39:09,021 [main] DEBUG org.mongodb.morphia.mapping.MappedClass - MappedClass done: MappedClass - kind:vcs_system for de.ugoe.cs.smartshark.model.VCSSystem fields:[_id ( type:ObjectId, single:true); {interface org.mongodb.morphia.annotations.Property=@org.mongodb.morphia.annotations.Property(value=_id, concreteClass=class java.lang.Object), interface org.mongodb.morphia.annotations.Id=@org.mongodb.morphia.annotations.Id()}, url ( type:String, single:true); {}, repository_type ( type:String, single:true); {interface org.mongodb.morphia.annotations.Property=@org.mongodb.morphia.annotations.Property(value=repository_type, concreteClass=class java.lang.Object)}, project_id ( type:ObjectId, single:true); {interface org.mongodb.morphia.annotations.Property=@org.mongodb.morphia.annotations.Property(value=project_id, concreteClass=class java.lang.Object)}, last_updated ( type:Date, single:true); {interface org.mongodb.morphia.annotations.Property=@org.mongodb.morphia.annotations.Property(value=last_updated, concreteClass=class java.lang.Object)}]
&amp#27;[m&amp#27;[32m2018-07-19 16:39:09,022 [main] DEBUG org.mongodb.morphia.mapping.MappedClass - MappedClass done: MappedClass - kind:clone_instance for de.ugoe.cs.smartshark.model.CloneInstance fields:[_id ( type:ObjectId, single:true); {interface org.mongodb.morphia.annotations.Property=@org.mongodb.morphia.annotations.Property(value=_id, concreteClass=class java.lang.Object), interface org.mongodb.morphia.annotations.Id=@org.mongodb.morphia.annotations.Id()}, name ( type:String, single:true); {}, commit_id ( type:ObjectId, single:true); {interface org.mongodb.morphia.annotations.Property=@org.mongodb.morphia.annotations.Property(value=commit_id, concreteClass=class java.lang.Object)}, file_id ( type:ObjectId, single:true); {interface org.mongodb.morphia.annotations.Property=@org.mongodb.morphia.annotations.Property(value=file_id, concreteClass=class java.lang.Object)}, start_line ( type:int, single:true); {interface org.mongodb.morphia.annotations.Property=@org.mongodb.morphia.annotations.Property(value=start_line, concreteClass=class java.lang.Object)}, end_line ( type:int, single:true); {interface org.mongodb.morphia.annotations.Property=@org.mongodb.morphia.annotations.Property(value=end_line, concreteClass=class java.lang.Object)}, start_column ( type:int, single:true); {interface org.mongodb.morphia.annotations.Property=@org.mongodb.morphia.annotations.Property(value=start_column, concreteClass=class java.lang.Object)}, end_column ( type:int, single:true); {interface org.mongodb.morphia.annotations.Property=@org.mongodb.morphia.annotations.Property(value=end_column, concreteClass=class java.lang.Object)}, clone_instance_metrics ( type:Map, multiple:true, subtype:class java.lang.Double, map:true, map-key:String); {interface org.mongodb.morphia.annotations.Property=@org.mongodb.morphia.annotations.Property(value=clone_instance_metrics, concreteClass=class java.lang.Object)}, clone_class ( type:String, single:true); {interface org.mongodb.morphia.annotations.Property=@org.mongodb.morphia.annotations.Property(value=clone_class, concreteClass=class java.lang.Object)}, clone_class_metrics ( type:Map, multiple:true, subtype:class java.lang.Double, map:true, map-key:String); {interface org.mongodb.morphia.annotations.Property=@org.mongodb.morphia.annotations.Property(value=clone_class_metrics, concreteClass=class java.lang.Object)}]
&amp#27;[m&amp#27;[32m2018-07-19 16:39:09,023 [main] DEBUG org.mongodb.morphia.mapping.MappedClass - MappedClass done: MappedClass - kind:issue for de.ugoe.cs.smartshark.model.Issue fields:[_id ( type:ObjectId, single:true); {interface org.mongodb.morphia.annotations.Property=@org.mongodb.morphia.annotations.Property(value=_id, concreteClass=class java.lang.Object), interface org.mongodb.morphia.annotations.Id=@org.mongodb.morphia.annotations.Id()}, external_id ( type:String, single:true); {interface org.mongodb.morphia.annotations.Property=@org.mongodb.morphia.annotations.Property(value=external_id, concreteClass=class java.lang.Object)}, issue_system_id ( type:ObjectId, single:true); {interface org.mongodb.morphia.annotations.Property=@org.mongodb.morphia.annotations.Property(value=issue_system_id, concreteClass=class java.lang.Object)}, title ( type:String, single:true); {}, desc ( type:String, single:true); {}, created_at ( type:Date, single:true); {interface org.mongodb.morphia.annotations.Property=@org.mongodb.morphia.annotations.Property(value=created_at, concreteClass=class java.lang.Object)}, updated_at ( type:Date, single:true); {interface org.mongodb.morphia.annotations.Property=@org.mongodb.morphia.annotations.Property(value=updated_at, concreteClass=class java.lang.Object)}, creator_id ( type:ObjectId, single:true); {interface org.mongodb.morphia.annotations.Property=@org.mongodb.morphia.annotations.Property(value=creator_id, concreteClass=class java.lang.Object)}, reporter_id ( type:ObjectId, single:true); {interface org.mongodb.morphia.annotations.Property=@org.mongodb.morphia.annotations.Property(value=reporter_id, concreteClass=class java.lang.Object)}, issue_type ( type:String, single:true); {interface org.mongodb.morphia.annotations.Property=@org.mongodb.morphia.annotations.Property(value=issue_type, concreteClass=class java.lang.Object)}, priority ( type:String, single:true); {}, status ( type:String, single:true); {}, affects_versions ( type:List, multiple:true, subtype:class java.lang.String, collection:true); {interface org.mongodb.morphia.annotations.Property=@org.mongodb.morphia.annotations.Property(value=affects_versions, concreteClass=class java.lang.Object)}, components ( type:List, multiple:true, subtype:class java.lang.String, collection:true); {}, labels ( type:List, multiple:true, subtype:class java.lang.String, collection:true); {}, resolution ( type:String, single:true); {}, fix_versions ( type:List, multiple:true, subtype:class java.lang.String, collection:true); {interface org.mongodb.morphia.annotations.Property=@org.mongodb.morphia.annotations.Property(value=fix_versions, concreteClass=class java.lang.Object)}, assignee_id ( type:ObjectId, single:true); {interface org.mongodb.morphia.annotations.Property=@org.mongodb.morphia.annotations.Property(value=assignee_id, concreteClass=class java.lang.Object)}, issue_links ( type:List, multiple:true, subtype:interface java.util.Map, collection:true); {interface org.mongodb.morphia.annotations.Property=@org.mongodb.morphia.annotations.Property(value=issue_links, concreteClass=class java.lang.Object)}, parent_issue_id ( type:ObjectId, single:true); {interface org.mongodb.morphia.annotations.Property=@org.mongodb.morphia.annotations.Property(value=parent_issue_id, concreteClass=class java.lang.Object)}, original_time_estimate ( type:Integer, single:true); {interface org.mongodb.morphia.annotations.Property=@org.mongodb.morphia.annotations.Property(value=original_time_estimate, concreteClass=class java.lang.Object)}, environment ( type:String, single:true); {}, platform ( type:String, single:true); {}]
&amp#27;[m&amp#27;[32m2018-07-19 16:39:09,025 [main] DEBUG org.mongodb.morphia.mapping.MappedClass - MappedClass done: MappedClass - kind:commit_changes for de.ugoe.cs.smartshark.model.CommitChanges fields:[_id ( type:ObjectId, single:true); {interface org.mongodb.morphia.annotations.Property=@org.mongodb.morphia.annotations.Property(value=_id, concreteClass=class java.lang.Object), interface org.mongodb.morphia.annotations.Id=@org.mongodb.morphia.annotations.Id()}, old_commit_id ( type:ObjectId, single:true); {interface org.mongodb.morphia.annotations.Property=@org.mongodb.morphia.annotations.Property(value=old_commit_id, concreteClass=class java.lang.Object)}, new_commit_id ( type:ObjectId, single:true); {interface org.mongodb.morphia.annotations.Property=@org.mongodb.morphia.annotations.Property(value=new_commit_id, concreteClass=class java.lang.Object)}, classification ( type:Map, multiple:true, subtype:interface java.util.Map, map:true, map-key:ObjectId); {}]
&amp#27;[m&amp#27;[32m2018-07-19 16:39:09,025 [main] DEBUG org.mongodb.morphia.mapping.MappedClass - MappedClass done: MappedClass - kind:event for de.ugoe.cs.smartshark.model.Event fields:[_id ( type:ObjectId, single:true); {interface org.mongodb.morphia.annotations.Property=@org.mongodb.morphia.annotations.Property(value=_id, concreteClass=class java.lang.Object), interface org.mongodb.morphia.annotations.Id=@org.mongodb.morphia.annotations.Id()}, external_id ( type:String, single:true); {interface org.mongodb.morphia.annotations.Property=@org.mongodb.morphia.annotations.Property(value=external_id, concreteClass=class java.lang.Object)}, issue_id ( type:ObjectId, single:true); {interface org.mongodb.morphia.annotations.Property=@org.mongodb.morphia.annotations.Property(value=issue_id, concreteClass=class java.lang.Object)}, created_at ( type:Date, single:true); {interface org.mongodb.morphia.annotations.Property=@org.mongodb.morphia.annotations.Property(value=created_at, concreteClass=class java.lang.Object)}, status ( type:String, single:true); {}, author_id ( type:ObjectId, single:true); {interface org.mongodb.morphia.annotations.Property=@org.mongodb.morphia.annotations.Property(value=author_id, concreteClass=class java.lang.Object)}, old_value ( type:String, single:true); {interface org.mongodb.morphia.annotations.Property=@org.mongodb.morphia.annotations.Property(value=old_value, concreteClass=class java.lang.Object)}, new_value ( type:String, single:true); {interface org.mongodb.morphia.annotations.Property=@org.mongodb.morphia.annotations.Property(value=new_value, concreteClass=class java.lang.Object)}]
&amp#27;[m&amp#27;[32m2018-07-19 16:39:09,026 [main] DEBUG org.mongodb.morphia.mapping.MappedClass - MappedClass done: MappedClass - kind:message for de.ugoe.cs.smartshark.model.Message fields:[_id ( type:ObjectId, single:true); {interface org.mongodb.morphia.annotations.Property=@org.mongodb.morphia.annotations.Property(value=_id, concreteClass=class java.lang.Object), interface org.mongodb.morphia.annotations.Id=@org.mongodb.morphia.annotations.Id()}, message_id ( type:String, single:true); {interface org.mongodb.morphia.annotations.Property=@org.mongodb.morphia.annotations.Property(value=message_id, concreteClass=class java.lang.Object)}, mailing_list_id ( type:ObjectId, single:true); {interface org.mongodb.morphia.annotations.Property=@org.mongodb.morphia.annotations.Property(value=mailing_list_id, concreteClass=class java.lang.Object)}, reference_ids ( type:List, multiple:true, subtype:class org.bson.types.ObjectId, collection:true); {interface org.mongodb.morphia.annotations.Property=@org.mongodb.morphia.annotations.Property(value=reference_ids, concreteClass=class java.lang.Object)}, in_reply_to_id ( type:ObjectId, single:true); {interface org.mongodb.morphia.annotations.Property=@org.mongodb.morphia.annotations.Property(value=in_reply_to_id, concreteClass=class java.lang.Object)}, from_id ( type:ObjectId, single:true); {interface org.mongodb.morphia.annotations.Property=@org.mongodb.morphia.annotations.Property(value=from_id, concreteClass=class java.lang.Object)}, to_ids ( type:List, multiple:true, subtype:class org.bson.types.ObjectId, collection:true); {interface org.mongodb.morphia.annotations.Property=@org.mongodb.morphia.annotations.Property(value=to_ids, concreteClass=class java.lang.Object)}, cc_ids ( type:List, multiple:true, subtype:class org.bson.types.ObjectId, collection:true); {interface org.mongodb.morphia.annotations.Property=@org.mongodb.morphia.annotations.Property(value=cc_ids, concreteClass=class java.lang.Object)}, subject ( type:String, single:true); {}, body ( type:String, single:true); {}, date ( type:Date, single:true); {}, patches ( type:List, multiple:true, subtype:class java.lang.String, collection:true); {}]
&amp#27;[m&amp#27;[32m2018-07-19 16:39:09,027 [main] DEBUG org.mongodb.morphia.mapping.MappedClass - MappedClass done: MappedClass - kind:issue_system for de.ugoe.cs.smartshark.model.IssueSystem fields:[_id ( type:ObjectId, single:true); {interface org.mongodb.morphia.annotations.Property=@org.mongodb.morphia.annotations.Property(value=_id, concreteClass=class java.lang.Object), interface org.mongodb.morphia.annotations.Id=@org.mongodb.morphia.annotations.Id()}, url ( type:String, single:true); {}, project_id ( type:ObjectId, single:true); {interface org.mongodb.morphia.annotations.Property=@org.mongodb.morphia.annotations.Property(value=project_id, concreteClass=class java.lang.Object)}, last_updated ( type:Date, single:true); {interface org.mongodb.morphia.annotations.Property=@org.mongodb.morphia.annotations.Property(value=last_updated, concreteClass=class java.lang.Object)}]
&amp#27;[m&amp#27;[32m2018-07-19 16:39:09,028 [main] DEBUG org.mongodb.morphia.mapping.MappedClass - MappedClass done: MappedClass - kind:identity for de.ugoe.cs.smartshark.model.Identity fields:[_id ( type:ObjectId, single:true); {interface org.mongodb.morphia.annotations.Property=@org.mongodb.morphia.annotations.Property(value=_id, concreteClass=class java.lang.Object), interface org.mongodb.morphia.annotations.Id=@org.mongodb.morphia.annotations.Id()}, people ( type:List, multiple:true, subtype:class org.bson.types.ObjectId, collection:true); {interface org.mongodb.morphia.annotations.Property=@org.mongodb.morphia.annotations.Property(value=people, concreteClass=class java.lang.Object)}]
&amp#27;[m&amp#27;[32m2018-07-19 16:39:09,028 [main] DEBUG org.mongodb.morphia.mapping.MappedClass - MappedClass done: MappedClass - kind:hunk for de.ugoe.cs.smartshark.model.Hunk fields:[_id ( type:ObjectId, single:true); {interface org.mongodb.morphia.annotations.Property=@org.mongodb.morphia.annotations.Property(value=_id, concreteClass=class java.lang.Object), interface org.mongodb.morphia.annotations.Id=@org.mongodb.morphia.annotations.Id()}, file_action_id ( type:ObjectId, single:true); {interface org.mongodb.morphia.annotations.Property=@org.mongodb.morphia.annotations.Property(value=file_action_id, concreteClass=class java.lang.Object)}, new_start ( type:Integer, single:true); {interface org.mongodb.morphia.annotations.Property=@org.mongodb.morphia.annotations.Property(value=new_start, concreteClass=class java.lang.Object)}, new_lines ( type:Integer, single:true); {interface org.mongodb.morphia.annotations.Property=@org.mongodb.morphia.annotations.Property(value=new_lines, concreteClass=class java.lang.Object)}, old_start ( type:Integer, single:true); {interface org.mongodb.morphia.annotations.Property=@org.mongodb.morphia.annotations.Property(value=old_start, concreteClass=class java.lang.Object)}, old_lines ( type:Integer, single:true); {interface org.mongodb.morphia.annotations.Property=@org.mongodb.morphia.annotations.Property(value=old_lines, concreteClass=class java.lang.Object)}, content ( type:String, single:true); {}]
&amp#27;[m&amp#27;[32m2018-07-19 16:39:09,029 [main] DEBUG de.ugoe.cs.smartshark.SmartSHARKAdapter - Connecting to database...
&amp#27;[m&amp#27;[32m2018-07-19 16:39:09,039 [main] DEBUG org.mongodb.morphia.mapping.MappedClass - MappedClass done: MappedClass - kind:MutationResult for de.ugoe.cs.smartshark.model.MutationResult fields:[mutation_id ( type:ObjectId, single:true); {interface org.mongodb.morphia.annotations.Property=@org.mongodb.morphia.annotations.Property(value=mutation_id, concreteClass=class java.lang.Object)}, result ( type:String, single:true); {}]
&amp#27;[m&amp#27;[32m2018-07-19 16:39:09,040 [main] DEBUG org.mongodb.morphia.mapping.MappedClass - MappedClass done: MappedClass - kind:TravisJob for de.ugoe.cs.smartshark.model.TravisJob fields:[_id ( type:ObjectId, single:true); {interface org.mongodb.morphia.annotations.Property=@org.mongodb.morphia.annotations.Property(value=_id, concreteClass=class java.lang.Object), interface org.mongodb.morphia.annotations.Id=@org.mongodb.morphia.annotations.Id()}, tr_id ( type:Integer, single:true); {interface org.mongodb.morphia.annotations.Property=@org.mongodb.morphia.annotations.Property(value=tr_id, concreteClass=class java.lang.Object)}, allow_failure ( type:Boolean, single:true); {interface org.mongodb.morphia.annotations.Property=@org.mongodb.morphia.annotations.Property(value=allow_failure, concreteClass=class java.lang.Object)}, number ( type:String, single:true); {}, state ( type:String, single:true); {}, started_at ( type:Date, single:true); {interface org.mongodb.morphia.annotations.Property=@org.mongodb.morphia.annotations.Property(value=started_at, concreteClass=class java.lang.Object)}, finished_at ( type:Date, single:true); {interface org.mongodb.morphia.annotations.Property=@org.mongodb.morphia.annotations.Property(value=finished_at, concreteClass=class java.lang.Object)}, stages ( type:List, multiple:true, subtype:class java.lang.String, collection:true); {}, metrics ( type:Map, multiple:true, subtype:class java.lang.String, map:true, map-key:String); {}, config ( type:Map, multiple:true, subtype:class java.lang.String, map:true, map-key:String); {}]
&amp#27;[m&amp#27;[32m2018-07-19 16:39:09,040 [main] DEBUG org.mongodb.morphia.mapping.MappedClass - MappedClass done: MappedClass - kind:RefactoringState for de.ugoe.cs.smartshark.model.RefactoringState fields:[parent_ce_before ( type:ObjectId, single:true); {interface org.mongodb.morphia.annotations.Property=@org.mongodb.morphia.annotations.Property(value=parent_ce_before, concreteClass=class java.lang.Object)}, parent_ce_after ( type:ObjectId, single:true); {interface org.mongodb.morphia.annotations.Property=@org.mongodb.morphia.annotations.Property(value=parent_ce_after, concreteClass=class java.lang.Object)}, ce_before ( type:ObjectId, single:true); {interface org.mongodb.morphia.annotations.Property=@org.mongodb.morphia.annotations.Property(value=ce_before, concreteClass=class java.lang.Object)}, ce_after ( type:ObjectId, single:true); {interface org.mongodb.morphia.annotations.Property=@org.mongodb.morphia.annotations.Property(value=ce_after, concreteClass=class java.lang.Object)}]
&amp#27;[m&amp#27;[32m2018-07-19 16:39:09,041 [main] DEBUG org.mongodb.morphia.mapping.MappedClass - MappedClass done: MappedClass - kind:Map for java.util.Map fields:[]
&amp#27;[m]]></system-out>
  </testcase>
  <testcase name="Test mechanism" classname="Test mechanism" time="0.002">
    <error type="java.lang.NullPointerException">java.lang.NullPointerException
</error>
    <system-out><![CDATA[METHOD3
]]></system-out>
  </testcase>
</testsuite>